#
# There is insufficient memory for the Java Runtime Environment to continue.
# Native memory allocation (malloc) failed to allocate 32744 bytes for ChunkPool::allocate
# Possible reasons:
#   The system is out of physical RAM or swap space
#   In 32 bit mode, the process size limit was hit
# Possible solutions:
#   Reduce memory load on the system
#   Increase physical memory or swap space
#   Check if swap backing store is full
#   Use 64 bit Java on a 64 bit OS
#   Decrease Java heap size (-Xmx/-Xms)
#   Decrease number of Java threads
#   Decrease Java thread stack sizes (-Xss)
#   Set larger code cache with -XX:ReservedCodeCacheSize=
# This output file may be truncated or incomplete.
#
#  Out of Memory Error (allocation.cpp:273), pid=16420, tid=0x0000000000002b20
#
# JRE version: OpenJDK Runtime Environment (8.0_152-b01) (build 1.8.0_152-release-915-b01)
# Java VM: OpenJDK 64-Bit Server VM (25.152-b01 mixed mode windows-amd64 compressed oops)
# Failed to write core dump. Minidumps are not enabled by default on client versions of Windows
#

---------------  T H R E A D  ---------------

Current thread (0x0000000014e9a000):  JavaThread "C2 CompilerThread1" daemon [_thread_in_native, id=11040, stack(0x0000000015590000,0x0000000015690000)]

Stack: [0x0000000015590000,0x0000000015690000]
[error occurred during error reporting (printing stack bounds), id 0xc0000005]

Native frames: (J=compiled Java code, j=interpreted, Vv=VM code, C=native code)


Current CompileTask:
C2:   4216  900 %     4       org.objectweb.asm.ClassReader::a @ 1480 (3587 bytes)


---------------  P R O C E S S  ---------------

Java Threads: ( => current thread )
  0x0000000014ef5000 JavaThread "Service Thread" daemon [_thread_blocked, id=12860, stack(0x0000000015790000,0x0000000015890000)]
  0x0000000014eef000 JavaThread "C1 CompilerThread2" daemon [_thread_blocked, id=1060, stack(0x0000000015690000,0x0000000015790000)]
=>0x0000000014e9a000 JavaThread "C2 CompilerThread1" daemon [_thread_in_native, id=11040, stack(0x0000000015590000,0x0000000015690000)]
  0x0000000013b8d800 JavaThread "C2 CompilerThread0" daemon [_thread_blocked, id=6860, stack(0x0000000015490000,0x0000000015590000)]
  0x0000000013b47800 JavaThread "Attach Listener" daemon [_thread_blocked, id=10416, stack(0x0000000015390000,0x0000000015490000)]
  0x0000000014e98800 JavaThread "Signal Dispatcher" daemon [_thread_blocked, id=16768, stack(0x0000000015290000,0x0000000015390000)]
  0x00000000037ca800 JavaThread "Finalizer" daemon [_thread_blocked, id=6620, stack(0x0000000014d90000,0x0000000014e90000)]
  0x00000000037c5800 JavaThread "Reference Handler" daemon [_thread_blocked, id=1240, stack(0x0000000014c90000,0x0000000014d90000)]
  0x00000000036d5800 JavaThread "main" [_thread_in_native, id=11660, stack(0x00000000035d0000,0x00000000036d0000)]

Other Threads:
  0x0000000013af6000 VMThread [stack: 0x0000000014b90000,0x0000000014c90000] [id=11980]
  0x0000000014ef6000 WatcherThread [stack: 0x0000000015890000,0x0000000015990000] [id=9832]

VM state:not at safepoint (normal execution)

VM Mutex/Monitor currently owned by a thread: None

Heap:
 PSYoungGen      total 18944K, used 6210K [0x00000000feb00000, 0x0000000100000000, 0x0000000100000000)
  eden space 16384K, 22% used [0x00000000feb00000,0x00000000fee93e48,0x00000000ffb00000)
  from space 2560K, 99% used [0x00000000ffd80000,0x00000000ffffcb50,0x0000000100000000)
  to   space 2560K, 0% used [0x00000000ffb00000,0x00000000ffb00000,0x00000000ffd80000)
 ParOldGen       total 44032K, used 5414K [0x00000000fc000000, 0x00000000feb00000, 0x00000000feb00000)
  object space 44032K, 12% used [0x00000000fc000000,0x00000000fc549ba8,0x00000000feb00000)
 Metaspace       used 7597K, capacity 7784K, committed 7936K, reserved 1056768K
  class space    used 871K, capacity 956K, committed 1024K, reserved 1048576K

Card table byte_map: [0x00000000017d0000,0x0000000001800000] byte_map_base: 0x0000000000ff0000

Marking Bits: (ParMarkBitMap*) 0x0000000069423950
 Begin Bits: [0x0000000012f90000, 0x0000000013090000)
 End Bits:   [0x0000000013090000, 0x0000000013190000)

Polling page: 0x0000000001790000

CodeCache: size=245760Kb used=3612Kb max_used=3624Kb free=242147Kb
 bounds [0x00000000037d0000, 0x0000000003b60000, 0x00000000127d0000]
 total_blobs=1285 nmethods=951 adapters=248
 compilation: enabled

Compilation events (10 events):
Event: 3.368 Thread 0x0000000013b8d800 nmethod 952 0x0000000003b3e210 code [0x0000000003b3e360, 0x0000000003b3e5b8]
Event: 3.368 Thread 0x0000000013b8d800  948       4       org.objectweb.asm.MethodVisitor::visitLabel (16 bytes)
Event: 3.369 Thread 0x0000000014eef000 nmethod 944 0x0000000003b59050 code [0x0000000003b593a0, 0x0000000003b5af18]
Event: 3.369 Thread 0x0000000014eef000  935       3       org.objectweb.asm.MethodVisitor::visitLdcInsn (16 bytes)
Event: 3.369 Thread 0x0000000014eef000 nmethod 935 0x0000000003b398d0 code [0x0000000003b39a40, 0x0000000003b39ca8]
Event: 3.369 Thread 0x0000000014eef000  938       3       java.lang.Integer::<init> (10 bytes)
Event: 3.369 Thread 0x0000000014eef000 nmethod 938 0x0000000003b39450 code [0x0000000003b395c0, 0x0000000003b397d0]
Event: 3.383 Thread 0x0000000013b8d800 nmethod 948 0x0000000003b50f90 code [0x0000000003b51120, 0x0000000003b51898]
Event: 3.383 Thread 0x0000000013b8d800  951       4       org.objectweb.asm.tree.MethodNode::visitVarInsn (17 bytes)
Event: 3.385 Thread 0x0000000013b8d800 nmethod 951 0x0000000003b5bed0 code [0x0000000003b5c020, 0x0000000003b5c178]

GC Heap History (4 events):
Event: 2.559 GC heap before
{Heap before GC invocations=1 (full 0):
 PSYoungGen      total 18944K, used 16384K [0x00000000feb00000, 0x0000000100000000, 0x0000000100000000)
  eden space 16384K, 100% used [0x00000000feb00000,0x00000000ffb00000,0x00000000ffb00000)
  from space 2560K, 0% used [0x00000000ffd80000,0x00000000ffd80000,0x0000000100000000)
  to   space 2560K, 0% used [0x00000000ffb00000,0x00000000ffb00000,0x00000000ffd80000)
 ParOldGen       total 44032K, used 0K [0x00000000fc000000, 0x00000000feb00000, 0x00000000feb00000)
  object space 44032K, 0% used [0x00000000fc000000,0x00000000fc000000,0x00000000feb00000)
 Metaspace       used 6579K, capacity 6682K, committed 6784K, reserved 1056768K
  class space    used 772K, capacity 823K, committed 896K, reserved 1048576K
Event: 2.564 GC heap after
Heap after GC invocations=1 (full 0):
 PSYoungGen      total 18944K, used 2536K [0x00000000feb00000, 0x0000000100000000, 0x0000000100000000)
  eden space 16384K, 0% used [0x00000000feb00000,0x00000000feb00000,0x00000000ffb00000)
  from space 2560K, 99% used [0x00000000ffb00000,0x00000000ffd7a360,0x00000000ffd80000)
  to   space 2560K, 0% used [0x00000000ffd80000,0x00000000ffd80000,0x0000000100000000)
 ParOldGen       total 44032K, used 1699K [0x00000000fc000000, 0x00000000feb00000, 0x00000000feb00000)
  object space 44032K, 3% used [0x00000000fc000000,0x00000000fc1a8ea0,0x00000000feb00000)
 Metaspace       used 6579K, capacity 6682K, committed 6784K, reserved 1056768K
  class space    used 772K, capacity 823K, committed 896K, reserved 1048576K
}
Event: 3.203 GC heap before
{Heap before GC invocations=2 (full 0):
 PSYoungGen      total 18944K, used 18920K [0x00000000feb00000, 0x0000000100000000, 0x0000000100000000)
  eden space 16384K, 100% used [0x00000000feb00000,0x00000000ffb00000,0x00000000ffb00000)
  from space 2560K, 99% used [0x00000000ffb00000,0x00000000ffd7a360,0x00000000ffd80000)
  to   space 2560K, 0% used [0x00000000ffd80000,0x00000000ffd80000,0x0000000100000000)
 ParOldGen       total 44032K, used 1699K [0x00000000fc000000, 0x00000000feb00000, 0x00000000feb00000)
  object space 44032K, 3% used [0x00000000fc000000,0x00000000fc1a8ea0,0x00000000feb00000)
 Metaspace       used 7539K, capacity 7720K, committed 7936K, reserved 1056768K
  class space    used 871K, capacity 956K, committed 1024K, reserved 1048576K
Event: 3.211 GC heap after
Heap after GC invocations=2 (full 0):
 PSYoungGen      total 18944K, used 2546K [0x00000000feb00000, 0x0000000100000000, 0x0000000100000000)
  eden space 16384K, 0% used [0x00000000feb00000,0x00000000feb00000,0x00000000ffb00000)
  from space 2560K, 99% used [0x00000000ffd80000,0x00000000ffffcb50,0x0000000100000000)
  to   space 2560K, 0% used [0x00000000ffb00000,0x00000000ffb00000,0x00000000ffd80000)
 ParOldGen       total 44032K, used 5414K [0x00000000fc000000, 0x00000000feb00000, 0x00000000feb00000)
  object space 44032K, 12% used [0x00000000fc000000,0x00000000fc549ba8,0x00000000feb00000)
 Metaspace       used 7539K, capacity 7720K, committed 7936K, reserved 1056768K
  class space    used 871K, capacity 956K, committed 1024K, reserved 1048576K
}

Deoptimization events (10 events):
Event: 2.520 Thread 0x00000000036d5800 Uncommon trap: reason=unstable_if action=reinterpret pc=0x00000000039ee45c method=java.util.zip.ZipFile$ZipEntryIterator.hasNext()Z @ 25
Event: 2.645 Thread 0x00000000036d5800 Uncommon trap: reason=unstable_if action=reinterpret pc=0x00000000039f9580 method=java.util.zip.ZipCoder.decoder()Ljava/nio/charset/CharsetDecoder; @ 4
Event: 2.649 Thread 0x00000000036d5800 Uncommon trap: reason=unstable_if action=reinterpret pc=0x00000000039f6cf8 method=java.util.zip.ZipCoder.decoder()Ljava/nio/charset/CharsetDecoder; @ 4
Event: 2.662 Thread 0x00000000036d5800 Uncommon trap: reason=unstable_if action=reinterpret pc=0x0000000003a0d608 method=java.util.HashMap$HashIterator.nextNode()Ljava/util/HashMap$Node; @ 74
Event: 2.713 Thread 0x00000000036d5800 Uncommon trap: reason=unloaded action=reinterpret pc=0x00000000039fb73c method=java.util.zip.ZipEntry.setExtra0([BZ)V @ 37
Event: 2.733 Thread 0x00000000036d5800 Uncommon trap: reason=unstable_if action=reinterpret pc=0x0000000003a0d1c8 method=java.util.HashMap$HashIterator.nextNode()Ljava/util/HashMap$Node; @ 74
Event: 3.071 Thread 0x00000000036d5800 Uncommon trap: reason=unstable_if action=reinterpret pc=0x00000000039b05b8 method=java.lang.String.<init>([CII)V @ 18
Event: 3.175 Thread 0x00000000036d5800 Uncommon trap: reason=unstable_if action=reinterpret pc=0x0000000003a9dc7c method=org.objectweb.asm.ClassReader.a(II[C)Ljava/lang/String; @ 77
Event: 3.175 Thread 0x00000000036d5800 Uncommon trap: reason=unstable_if action=reinterpret pc=0x0000000003aa00ac method=org.objectweb.asm.ClassReader.a(II[C)Ljava/lang/String; @ 77
Event: 3.337 Thread 0x00000000036d5800 Uncommon trap: reason=unstable_if action=reinterpret pc=0x0000000003b1b804 method=org.objectweb.asm.MethodWriter.visitVarInsn(II)V @ 142

Classes redefined (0 events):
No events

Internal exceptions (10 events):
Event: 2.649 Thread 0x00000000036d5800 Implicit null exception at 0x00000000039f6411 to 0x00000000039f6cd9
Event: 2.721 Thread 0x00000000036d5800 Exception <a 'sun/nio/fs/WindowsException'> (0x00000000ff1dfa00) thrown at [D:\src\AOSP-openjdk-cygwin\jdk8u\hotspot\src\share\vm\prims\jni.cpp, line 709]
Event: 2.721 Thread 0x00000000036d5800 Exception <a 'sun/nio/fs/WindowsException'> (0x00000000ff1dffd0) thrown at [D:\src\AOSP-openjdk-cygwin\jdk8u\hotspot\src\share\vm\prims\jni.cpp, line 709]
Event: 2.722 Thread 0x00000000036d5800 Exception <a 'sun/nio/fs/WindowsException'> (0x00000000ff1e05c8) thrown at [D:\src\AOSP-openjdk-cygwin\jdk8u\hotspot\src\share\vm\prims\jni.cpp, line 709]
Event: 2.722 Thread 0x00000000036d5800 Exception <a 'sun/nio/fs/WindowsException'> (0x00000000ff1e0d98) thrown at [D:\src\AOSP-openjdk-cygwin\jdk8u\hotspot\src\share\vm\prims\jni.cpp, line 709]
Event: 2.722 Thread 0x00000000036d5800 Exception <a 'sun/nio/fs/WindowsException'> (0x00000000ff1e1368) thrown at [D:\src\AOSP-openjdk-cygwin\jdk8u\hotspot\src\share\vm\prims\jni.cpp, line 709]
Event: 2.722 Thread 0x00000000036d5800 Exception <a 'sun/nio/fs/WindowsException'> (0x00000000ff1e1b28) thrown at [D:\src\AOSP-openjdk-cygwin\jdk8u\hotspot\src\share\vm\prims\jni.cpp, line 709]
Event: 2.745 Thread 0x00000000036d5800 Exception <a 'sun/nio/fs/WindowsException'> (0x00000000ff1e6fa0) thrown at [D:\src\AOSP-openjdk-cygwin\jdk8u\hotspot\src\share\vm\prims\jni.cpp, line 709]
Event: 2.916 Thread 0x00000000036d5800 Exception <a 'sun/nio/fs/WindowsException'> (0x00000000ff683008) thrown at [D:\src\AOSP-openjdk-cygwin\jdk8u\hotspot\src\share\vm\prims\jni.cpp, line 709]
Event: 2.916 Thread 0x00000000036d5800 Exception <a 'sun/nio/fs/WindowsException'> (0x00000000ff6835a8) thrown at [D:\src\AOSP-openjdk-cygwin\jdk8u\hotspot\src\share\vm\prims\jni.cpp, line 709]

Events (10 events):
Event: 3.175 Thread 0x00000000036d5800 DEOPT UNPACKING pc=0x000000000381556a sp=0x00000000036cebf0 mode 2
Event: 3.203 Executing VM operation: ParallelGCFailedAllocation
Event: 3.211 Executing VM operation: ParallelGCFailedAllocation done
Event: 3.337 Thread 0x00000000036d5800 Uncommon trap: trap_request=0xffffff65 fr.pc=0x0000000003b1b804
Event: 3.337 Thread 0x00000000036d5800 DEOPT PACKING pc=0x0000000003b1b804 sp=0x00000000036cef50
Event: 3.337 Thread 0x00000000036d5800 DEOPT UNPACKING pc=0x000000000381556a sp=0x00000000036cee98 mode 2
Event: 3.362 loading class java/util/Vector$Itr
Event: 3.362 loading class java/util/Vector$Itr done
Event: 3.362 Thread 0x00000000036d5800 DEOPT PACKING pc=0x000000000392de87 sp=0x00000000036cf210
Event: 3.363 Thread 0x00000000036d5800 DEOPT UNPACKING pc=0x00000000038175bf sp=0x00000000036cef40 mode 0


Dynamic libraries:
0x00007ff7c08f0000 - 0x00007ff7c0921000 	D:\Program Files\Android\android-studio\jre\bin\java.exe
0x00007fff62140000 - 0x00007fff62321000 	C:\WINDOWS\SYSTEM32\ntdll.dll
0x00007fff60550000 - 0x00007fff60602000 	C:\WINDOWS\System32\KERNEL32.DLL
0x00007fff5e7c0000 - 0x00007fff5ea33000 	C:\WINDOWS\System32\KERNELBASE.dll
0x00007fff5f6a0000 - 0x00007fff5f741000 	C:\WINDOWS\System32\ADVAPI32.dll
0x00007fff5f600000 - 0x00007fff5f69e000 	C:\WINDOWS\System32\msvcrt.dll
0x00007fff60440000 - 0x00007fff6049b000 	C:\WINDOWS\System32\sechost.dll
0x00007fff5f750000 - 0x00007fff5f874000 	C:\WINDOWS\System32\RPCRT4.dll
0x00007fff60130000 - 0x00007fff602c0000 	C:\WINDOWS\System32\USER32.dll
0x00007fff5e7a0000 - 0x00007fff5e7c0000 	C:\WINDOWS\System32\win32u.dll
0x00007fff5f5d0000 - 0x00007fff5f5f8000 	C:\WINDOWS\System32\GDI32.dll
0x00007fff5f340000 - 0x00007fff5f4d2000 	C:\WINDOWS\System32\gdi32full.dll
0x00007fff5f4e0000 - 0x00007fff5f57f000 	C:\WINDOWS\System32\msvcp_win.dll
0x00007fff5e620000 - 0x00007fff5e71a000 	C:\WINDOWS\System32\ucrtbase.dll
0x00007fff49ca0000 - 0x00007fff49f09000 	C:\WINDOWS\WinSxS\amd64_microsoft.windows.common-controls_6595b64144ccf1df_6.0.17134.228_none_fb4599993062b194\COMCTL32.dll
0x00007fff61bb0000 - 0x00007fff61ed3000 	C:\WINDOWS\System32\combase.dll
0x00007fff5e720000 - 0x00007fff5e79a000 	C:\WINDOWS\System32\bcryptPrimitives.dll
0x00007fff60670000 - 0x00007fff6069d000 	C:\WINDOWS\System32\IMM32.DLL
0x0000000068b80000 - 0x0000000068c52000 	D:\Program Files\Android\android-studio\jre\jre\bin\msvcr100.dll
0x0000000068c60000 - 0x000000006949e000 	D:\Program Files\Android\android-studio\jre\jre\bin\server\jvm.dll
0x00007fff5fe40000 - 0x00007fff5fe48000 	C:\WINDOWS\System32\PSAPI.DLL
0x00007fff5ae70000 - 0x00007fff5ae79000 	C:\WINDOWS\SYSTEM32\WSOCK32.dll
0x00007fff620a0000 - 0x00007fff6210c000 	C:\WINDOWS\System32\WS2_32.dll
0x00007fff5c5a0000 - 0x00007fff5c5c3000 	C:\WINDOWS\SYSTEM32\WINMM.dll
0x00007fff55670000 - 0x00007fff5567a000 	C:\WINDOWS\SYSTEM32\VERSION.dll
0x00007fff5c150000 - 0x00007fff5c17a000 	C:\WINDOWS\SYSTEM32\WINMMBASE.dll
0x00007fff5f580000 - 0x00007fff5f5c9000 	C:\WINDOWS\System32\cfgmgr32.dll
0x00007fff539d0000 - 0x00007fff539df000 	D:\Program Files\Android\android-studio\jre\jre\bin\verify.dll
0x00007fff46da0000 - 0x00007fff46dc9000 	D:\Program Files\Android\android-studio\jre\jre\bin\java.dll
0x00007fff49650000 - 0x00007fff49666000 	D:\Program Files\Android\android-studio\jre\jre\bin\zip.dll
0x00007fff60710000 - 0x00007fff61b50000 	C:\WINDOWS\System32\SHELL32.dll
0x00007fff604a0000 - 0x00007fff60549000 	C:\WINDOWS\System32\shcore.dll
0x00007fff5ec30000 - 0x00007fff5f33d000 	C:\WINDOWS\System32\windows.storage.dll
0x00007fff61b50000 - 0x00007fff61ba1000 	C:\WINDOWS\System32\shlwapi.dll
0x00007fff5e4d0000 - 0x00007fff5e4e1000 	C:\WINDOWS\System32\kernel.appcore.dll
0x00007fff5e4f0000 - 0x00007fff5e50f000 	C:\WINDOWS\System32\profapi.dll
0x00007fff5e480000 - 0x00007fff5e4cc000 	C:\WINDOWS\System32\powrprof.dll
0x00007fff5e470000 - 0x00007fff5e47a000 	C:\WINDOWS\System32\FLTLIB.DLL
0x00007fff5de90000 - 0x00007fff5dea7000 	C:\WINDOWS\SYSTEM32\CRYPTSP.dll
0x00007fff5d850000 - 0x00007fff5d883000 	C:\WINDOWS\system32\rsaenh.dll
0x00007fff5dfb0000 - 0x00007fff5dfd5000 	C:\WINDOWS\SYSTEM32\bcrypt.dll
0x00007fff5e380000 - 0x00007fff5e3a8000 	C:\WINDOWS\SYSTEM32\USERENV.dll
0x00007fff5de80000 - 0x00007fff5de8b000 	C:\WINDOWS\SYSTEM32\CRYPTBASE.dll
0x00007fff486a0000 - 0x00007fff486ba000 	D:\Program Files\Android\android-studio\jre\jre\bin\net.dll
0x00007fff5dcd0000 - 0x00007fff5dd36000 	C:\WINDOWS\system32\mswsock.dll
0x00007fff5d9f0000 - 0x00007fff5da28000 	C:\WINDOWS\SYSTEM32\IPHLPAPI.DLL
0x00007fff5fe50000 - 0x00007fff5fe58000 	C:\WINDOWS\System32\NSI.dll
0x00007fff546c0000 - 0x00007fff546d6000 	C:\WINDOWS\SYSTEM32\dhcpcsvc6.DLL
0x00007fff556a0000 - 0x00007fff556ba000 	C:\WINDOWS\SYSTEM32\dhcpcsvc.DLL
0x00007fff47ba0000 - 0x00007fff47bb1000 	D:\Program Files\Android\android-studio\jre\jre\bin\nio.dll

VM Arguments:
jvm_args: -Djava.awt.headless=true -Xmx64M -Dfile.encoding=GBK -Duser.country=CN -Duser.language=zh -Duser.variant 
java_command: com.google.devtools.build.android.desugar.Desugar --input D:\Android_file\AndroidStudioPro\IOTClient\app\build\intermediates\transforms\stackFramesFixer\debug\16.jar --output D:\Android_file\AndroidStudioPro\IOTClient\app\build\intermediates\transforms\desugar\debug\19.jar --input D:\Android_file\AndroidStudioPro\IOTClient\app\build\intermediates\transforms\stackFramesFixer\debug\28.jar --output D:\Android_file\AndroidStudioPro\IOTClient\app\build\intermediates\transforms\desugar\debug\31.jar --input D:\Android_file\AndroidStudioPro\IOTClient\app\build\intermediates\transforms\stackFramesFixer\debug\35.jar --output D:\Android_file\AndroidStudioPro\IOTClient\app\build\intermediates\transforms\desugar\debug\38.jar --input D:\Android_file\AndroidStudioPro\IOTClient\app\build\intermediates\transforms\stackFramesFixer\debug\23.jar --output D:\Android_file\AndroidStudioPro\IOTClient\app\build\intermediates\transforms\desugar\debug\26.jar --input D:\Android_file\AndroidStudioPro\IOTClient\app\build\intermediates\transforms\stackFramesFixer\debug\21.jar --output D:\Android_file\AndroidStudioPro\IOTClient\app\build\intermediates\transforms\desugar\debug\24.jar --input D:\Android_file\AndroidStudioPro\IOTClient\mjpeg-view\build\intermediates\intermediate-jars\debug\classes.jar --output D:\Android_file\AndroidStudioPro\IOTClient\app\build\intermediates\transforms\desugar\debug\1.jar --input D:\Android_file\AndroidStudioPro\IOTClient\JNChartLib\build\intermediates\intermediate-jars\debug\classes.jar --output D:\Android_file\AndroidStudioPro\IOTClient\app\build\intermediates\transforms\desugar\debug\0.jar --input D:\Android_file\AndroidStudioPro\IOTClient\app\build\intermediates\transforms\stackFramesFixer\debug\32.jar --output D:\Android_file\AndroidStudioPro\IOTClient\app\build\intermediates\transforms\desugar\debug\35.jar --input D:\Android_file\AndroidStudioPro\IOTClient\app\build\intermediates\transforms\stackFramesFixer\debug\20.jar --output D:\Android_file
java_class_path (initial): C:\Users\langstone\AppData\Local\Temp\desugar_deploy.jar1214913606588463306
Launcher Type: SUN_STANDARD

Environment Variables:
JAVA_HOME=D:\Android\JDK8_64
CLASSPATH=.;D:\Android\JDK8_64\lib\dt.jar;D:\Android\JDK8_64\lib\tools.jar 
PATH=C:\WINDOWS\system32;C:\WINDOWS;C:\WINDOWS\System32\Wbem;C:\WINDOWS\System32\WindowsPowerShell\v1.0\;D:\Android\JDK8_64\bin;D:\Android\JDK8_64\jre\bin;D:\Android\apache-tomcat-8.5.32\lib;D:\Android\apache-tomcat-8.5.32\bin ;D:\Android\apache-maven-3.5.4\bin;D:\Android\Sdk\platform-tools;D:\Android\Sdk\tools;C:\WINDOWS\System32\OpenSSH\;C:\Users\langstone\AppData\Local\Microsoft\WindowsApps;
USERNAME=langstone
OS=Windows_NT
PROCESSOR_IDENTIFIER=Intel64 Family 6 Model 61 Stepping 4, GenuineIntel



---------------  S Y S T E M  ---------------

OS: Windows 10.0 , 64 bit Build 17134 (10.0.17134.1)

CPU:total 4 (initial active 4) (2 cores per cpu, 2 threads per core) family 6 model 61 stepping 4, cmov, cx8, fxsr, mmx, sse, sse2, sse3, ssse3, sse4.1, sse4.2, popcnt, avx, avx2, aes, clmul, erms, 3dnowpref, lzcnt, ht, tsc, tscinvbit, bmi1, bmi2, adx

Memory: 4k page, physical 8306864k(916288k free), swap 21302156k(32k free)

vm_info: OpenJDK 64-Bit Server VM (25.152-b01) for windows-amd64 JRE (1.8.0_152-release-915-b01), built by "builder" with MS VC++ 10.0 (VS2010)

time: Fri Sep 14 00:43:04 2018
elapsed time: 4 seconds (0d 0h 0m 4s)

