#
# There is insufficient memory for the Java Runtime Environment to continue.
# Native memory allocation (malloc) failed to allocate 1861568 bytes for Chunk::new
# Possible reasons:
#   The system is out of physical RAM or swap space
#   In 32 bit mode, the process size limit was hit
# Possible solutions:
#   Reduce memory load on the system
#   Increase physical memory or swap space
#   Check if swap backing store is full
#   Use 64 bit Java on a 64 bit OS
#   Decrease Java heap size (-Xmx/-Xms)
#   Decrease number of Java threads
#   Decrease Java thread stack sizes (-Xss)
#   Set larger code cache with -XX:ReservedCodeCacheSize=
# This output file may be truncated or incomplete.
#
#  Out of Memory Error (allocation.cpp:390), pid=17756, tid=0x0000000000003220
#
# JRE version: OpenJDK Runtime Environment (8.0_152-b01) (build 1.8.0_152-release-915-b01)
# Java VM: OpenJDK 64-Bit Server VM (25.152-b01 mixed mode windows-amd64 compressed oops)
# Failed to write core dump. Minidumps are not enabled by default on client versions of Windows
#

---------------  T H R E A D  ---------------

Current thread (0x0000000012ef3000):  JavaThread "C2 CompilerThread0" daemon [_thread_in_native, id=12832, stack(0x00000000148a0000,0x00000000149a0000)]

Stack: [0x00000000148a0000,0x00000000149a0000]
[error occurred during error reporting (printing stack bounds), id 0xc0000005]

Native frames: (J=compiled Java code, j=interpreted, Vv=VM code, C=native code)


Current CompileTask:
C2:   5212 1026 %     4       org.objectweb.asm.ClassReader::a @ 1360 (3587 bytes)


---------------  P R O C E S S  ---------------

Java Threads: ( => current thread )
  0x000000001430b800 JavaThread "Service Thread" daemon [_thread_blocked, id=7804, stack(0x0000000014ba0000,0x0000000014ca0000)]
  0x0000000014305800 JavaThread "C1 CompilerThread2" daemon [_thread_blocked, id=18948, stack(0x0000000014aa0000,0x0000000014ba0000)]
  0x00000000142aa000 JavaThread "C2 CompilerThread1" daemon [_thread_blocked, id=16020, stack(0x00000000149a0000,0x0000000014aa0000)]
=>0x0000000012ef3000 JavaThread "C2 CompilerThread0" daemon [_thread_in_native, id=12832, stack(0x00000000148a0000,0x00000000149a0000)]
  0x0000000012ef2000 JavaThread "Attach Listener" daemon [_thread_blocked, id=20248, stack(0x00000000147a0000,0x00000000148a0000)]
  0x0000000012edb800 JavaThread "Signal Dispatcher" daemon [_thread_blocked, id=17760, stack(0x00000000146a0000,0x00000000147a0000)]
  0x0000000002b7a800 JavaThread "Finalizer" daemon [_thread_blocked, id=2488, stack(0x0000000014140000,0x0000000014240000)]
  0x0000000002b75000 JavaThread "Reference Handler" daemon [_thread_blocked, id=6132, stack(0x0000000014040000,0x0000000014140000)]
  0x0000000002a85800 JavaThread "main" [_thread_in_Java, id=17276, stack(0x0000000002980000,0x0000000002a80000)]

Other Threads:
  0x0000000012ea5800 VMThread [stack: 0x0000000013f40000,0x0000000014040000] [id=17804]
  0x000000001430d000 WatcherThread [stack: 0x0000000014ca0000,0x0000000014da0000] [id=3000]

VM state:not at safepoint (normal execution)

VM Mutex/Monitor currently owned by a thread: None

Heap:
 PSYoungGen      total 18944K, used 6614K [0x00000000feb00000, 0x0000000100000000, 0x0000000100000000)
  eden space 16384K, 24% used [0x00000000feb00000,0x00000000feef75d8,0x00000000ffb00000)
  from space 2560K, 99% used [0x00000000ffb00000,0x00000000ffd7e448,0x00000000ffd80000)
  to   space 2560K, 0% used [0x00000000ffd80000,0x00000000ffd80000,0x0000000100000000)
 ParOldGen       total 33792K, used 5654K [0x00000000fc000000, 0x00000000fe100000, 0x00000000feb00000)
  object space 33792K, 16% used [0x00000000fc000000,0x00000000fc585ad0,0x00000000fe100000)
 Metaspace       used 7688K, capacity 7848K, committed 8192K, reserved 1060864K
  class space    used 873K, capacity 956K, committed 1024K, reserved 1048576K

Card table byte_map: [0x0000000002370000,0x00000000023a0000] byte_map_base: 0x0000000001b90000

Marking Bits: (ParMarkBitMap*) 0x0000000069423950
 Begin Bits: [0x0000000012340000, 0x0000000012440000)
 End Bits:   [0x0000000012440000, 0x0000000012540000)

Polling page: 0x0000000002340000

CodeCache: size=245760Kb used=4043Kb max_used=4069Kb free=241716Kb
 bounds [0x0000000002b80000, 0x0000000002f80000, 0x0000000011b80000]
 total_blobs=1374 nmethods=1040 adapters=248
 compilation: enabled

Compilation events (10 events):
Event: 5.194 Thread 0x00000000142aa000 1035       4       com.google.common.collect.Iterators$12::next (10 bytes)
Event: 5.194 Thread 0x00000000142aa000 nmethod 1035 0x0000000002f58050 code [0x0000000002f581a0, 0x0000000002f58248]
Event: 5.197 Thread 0x00000000142aa000 1036       4       org.objectweb.asm.MethodWriter::visitMaxs (1146 bytes)
Event: 5.202 Thread 0x00000000142aa000 nmethod 1036 0x0000000002f57890 code [0x0000000002f579e0, 0x0000000002f57d58]
Event: 5.204 Thread 0x0000000014305800 1037       3       java.nio.Buffer::limit (62 bytes)
Event: 5.204 Thread 0x0000000014305800 nmethod 1037 0x0000000002f57350 code [0x0000000002f574c0, 0x0000000002f577c8]
Event: 5.205 Thread 0x0000000014305800 1038       1       com.google.common.collect.Iterators$1::hasNext (2 bytes)
Event: 5.205 Thread 0x0000000014305800 nmethod 1038 0x0000000002f57090 code [0x0000000002f571e0, 0x0000000002f572f0]
Event: 5.207 Thread 0x00000000142aa000 1039       4       org.objectweb.asm.MethodVisitor::<init> (35 bytes)
Event: 5.208 Thread 0x00000000142aa000 nmethod 1039 0x0000000002f61c50 code [0x0000000002f61d80, 0x0000000002f61e38]

GC Heap History (8 events):
Event: 1.386 GC heap before
{Heap before GC invocations=1 (full 0):
 PSYoungGen      total 18944K, used 5940K [0x00000000feb00000, 0x0000000100000000, 0x0000000100000000)
  eden space 16384K, 36% used [0x00000000feb00000,0x00000000ff0cd318,0x00000000ffb00000)
  from space 2560K, 0% used [0x00000000ffd80000,0x00000000ffd80000,0x0000000100000000)
  to   space 2560K, 0% used [0x00000000ffb00000,0x00000000ffb00000,0x00000000ffd80000)
 ParOldGen       total 44032K, used 0K [0x00000000fc000000, 0x00000000feb00000, 0x00000000feb00000)
  object space 44032K, 0% used [0x00000000fc000000,0x00000000fc000000,0x00000000feb00000)
 Metaspace       used 5277K, capacity 5460K, committed 5632K, reserved 1060864K
  class space    used 603K, capacity 656K, committed 768K, reserved 1048576K
Event: 1.394 GC heap after
Heap after GC invocations=1 (full 0):
 PSYoungGen      total 18944K, used 1861K [0x00000000feb00000, 0x0000000100000000, 0x0000000100000000)
  eden space 16384K, 0% used [0x00000000feb00000,0x00000000feb00000,0x00000000ffb00000)
  from space 2560K, 72% used [0x00000000ffb00000,0x00000000ffcd1688,0x00000000ffd80000)
  to   space 2560K, 0% used [0x00000000ffd80000,0x00000000ffd80000,0x0000000100000000)
 ParOldGen       total 44032K, used 8K [0x00000000fc000000, 0x00000000feb00000, 0x00000000feb00000)
  object space 44032K, 0% used [0x00000000fc000000,0x00000000fc002000,0x00000000feb00000)
 Metaspace       used 5277K, capacity 5460K, committed 5632K, reserved 1060864K
  class space    used 603K, capacity 656K, committed 768K, reserved 1048576K
}
Event: 1.394 GC heap before
{Heap before GC invocations=2 (full 1):
 PSYoungGen      total 18944K, used 1861K [0x00000000feb00000, 0x0000000100000000, 0x0000000100000000)
  eden space 16384K, 0% used [0x00000000feb00000,0x00000000feb00000,0x00000000ffb00000)
  from space 2560K, 72% used [0x00000000ffb00000,0x00000000ffcd1688,0x00000000ffd80000)
  to   space 2560K, 0% used [0x00000000ffd80000,0x00000000ffd80000,0x0000000100000000)
 ParOldGen       total 44032K, used 8K [0x00000000fc000000, 0x00000000feb00000, 0x00000000feb00000)
  object space 44032K, 0% used [0x00000000fc000000,0x00000000fc002000,0x00000000feb00000)
 Metaspace       used 5277K, capacity 5460K, committed 5632K, reserved 1060864K
  class space    used 603K, capacity 656K, committed 768K, reserved 1048576K
Event: 1.475 GC heap after
Heap after GC invocations=2 (full 1):
 PSYoungGen      total 18944K, used 0K [0x00000000feb00000, 0x0000000100000000, 0x0000000100000000)
  eden space 16384K, 0% used [0x00000000feb00000,0x00000000feb00000,0x00000000ffb00000)
  from space 2560K, 0% used [0x00000000ffb00000,0x00000000ffb00000,0x00000000ffd80000)
  to   space 2560K, 0% used [0x00000000ffd80000,0x00000000ffd80000,0x0000000100000000)
 ParOldGen       total 33792K, used 1731K [0x00000000fc000000, 0x00000000fe100000, 0x00000000feb00000)
  object space 33792K, 5% used [0x00000000fc000000,0x00000000fc1b0d08,0x00000000fe100000)
 Metaspace       used 5277K, capacity 5460K, committed 5632K, reserved 1058816K
  class space    used 603K, capacity 656K, committed 768K, reserved 1048576K
}
Event: 2.100 GC heap before
{Heap before GC invocations=3 (full 1):
 PSYoungGen      total 18944K, used 16384K [0x00000000feb00000, 0x0000000100000000, 0x0000000100000000)
  eden space 16384K, 100% used [0x00000000feb00000,0x00000000ffb00000,0x00000000ffb00000)
  from space 2560K, 0% used [0x00000000ffb00000,0x00000000ffb00000,0x00000000ffd80000)
  to   space 2560K, 0% used [0x00000000ffd80000,0x00000000ffd80000,0x0000000100000000)
 ParOldGen       total 33792K, used 1731K [0x00000000fc000000, 0x00000000fe100000, 0x00000000feb00000)
  object space 33792K, 5% used [0x00000000fc000000,0x00000000fc1b0d08,0x00000000fe100000)
 Metaspace       used 6594K, capacity 6746K, committed 7040K, reserved 1058816K
  class space    used 772K, capacity 823K, committed 896K, reserved 1048576K
Event: 2.158 GC heap after
Heap after GC invocations=3 (full 1):
 PSYoungGen      total 18944K, used 2528K [0x00000000feb00000, 0x0000000100000000, 0x0000000100000000)
  eden space 16384K, 0% used [0x00000000feb00000,0x00000000feb00000,0x00000000ffb00000)
  from space 2560K, 98% used [0x00000000ffd80000,0x00000000ffff8010,0x0000000100000000)
  to   space 2560K, 0% used [0x00000000ffb00000,0x00000000ffb00000,0x00000000ffd80000)
 ParOldGen       total 33792K, used 3715K [0x00000000fc000000, 0x00000000fe100000, 0x00000000feb00000)
  object space 33792K, 10% used [0x00000000fc000000,0x00000000fc3a0d00,0x00000000fe100000)
 Metaspace       used 6594K, capacity 6746K, committed 7040K, reserved 1058816K
  class space    used 772K, capacity 823K, committed 896K, reserved 1048576K
}
Event: 4.208 GC heap before
{Heap before GC invocations=4 (full 1):
 PSYoungGen      total 18944K, used 18912K [0x00000000feb00000, 0x0000000100000000, 0x0000000100000000)
  eden space 16384K, 100% used [0x00000000feb00000,0x00000000ffb00000,0x00000000ffb00000)
  from space 2560K, 98% used [0x00000000ffd80000,0x00000000ffff8010,0x0000000100000000)
  to   space 2560K, 0% used [0x00000000ffb00000,0x00000000ffb00000,0x00000000ffd80000)
 ParOldGen       total 33792K, used 3715K [0x00000000fc000000, 0x00000000fe100000, 0x00000000feb00000)
  object space 33792K, 10% used [0x00000000fc000000,0x00000000fc3a0d00,0x00000000fe100000)
 Metaspace       used 7675K, capacity 7848K, committed 8192K, reserved 1060864K
  class space    used 873K, capacity 956K, committed 1024K, reserved 1048576K
Event: 4.380 GC heap after
Heap after GC invocations=4 (full 1):
 PSYoungGen      total 18944K, used 2553K [0x00000000feb00000, 0x0000000100000000, 0x0000000100000000)
  eden space 16384K, 0% used [0x00000000feb00000,0x00000000feb00000,0x00000000ffb00000)
  from space 2560K, 99% used [0x00000000ffb00000,0x00000000ffd7e448,0x00000000ffd80000)
  to   space 2560K, 0% used [0x00000000ffd80000,0x00000000ffd80000,0x0000000100000000)
 ParOldGen       total 33792K, used 5654K [0x00000000fc000000, 0x00000000fe100000, 0x00000000feb00000)
  object space 33792K, 16% used [0x00000000fc000000,0x00000000fc585ad0,0x00000000fe100000)
 Metaspace       used 7675K, capacity 7848K, committed 8192K, reserved 1060864K
  class space    used 873K, capacity 956K, committed 1024K, reserved 1048576K
}

Deoptimization events (10 events):
Event: 2.222 Thread 0x0000000002a85800 Uncommon trap: reason=unstable_if action=reinterpret pc=0x0000000002dbbdc8 method=java.util.HashMap$HashIterator.nextNode()Ljava/util/HashMap$Node; @ 74
Event: 2.630 Thread 0x0000000002a85800 Uncommon trap: reason=unstable_if action=reinterpret pc=0x0000000002d5f0f8 method=java.lang.String.<init>([CII)V @ 18
Event: 3.286 Thread 0x0000000002a85800 Uncommon trap: reason=class_check action=maybe_recompile pc=0x0000000002ef1aa8 method=org.objectweb.asm.MethodVisitor.visitVarInsn(II)V @ 13
Event: 3.286 Thread 0x0000000002a85800 Uncommon trap: reason=class_check action=maybe_recompile pc=0x0000000002ef1aa8 method=org.objectweb.asm.MethodVisitor.visitVarInsn(II)V @ 13
Event: 3.286 Thread 0x0000000002a85800 Uncommon trap: reason=class_check action=maybe_recompile pc=0x0000000002ef1aa8 method=org.objectweb.asm.MethodVisitor.visitVarInsn(II)V @ 13
Event: 3.286 Thread 0x0000000002a85800 Uncommon trap: reason=class_check action=maybe_recompile pc=0x0000000002ef1aa8 method=org.objectweb.asm.MethodVisitor.visitVarInsn(II)V @ 13
Event: 3.301 Thread 0x0000000002a85800 Uncommon trap: reason=unstable_if action=reinterpret pc=0x0000000002e7a7d0 method=org.objectweb.asm.ClassReader.a(II[C)Ljava/lang/String; @ 77
Event: 3.303 Thread 0x0000000002a85800 Uncommon trap: reason=unstable_if action=reinterpret pc=0x0000000002ed1d90 method=org.objectweb.asm.ByteVector.putUTF8(Ljava/lang/String;)Lorg/objectweb/asm/ByteVector; @ 98
Event: 3.304 Thread 0x0000000002a85800 Uncommon trap: reason=unstable_if action=reinterpret pc=0x0000000002e93138 method=org.objectweb.asm.ByteVector.putUTF8(Ljava/lang/String;)Lorg/objectweb/asm/ByteVector; @ 98
Event: 4.468 Thread 0x0000000002a85800 Uncommon trap: reason=unstable_if action=reinterpret pc=0x0000000002f48894 method=org.objectweb.asm.MethodWriter.visitFieldInsn(ILjava/lang/String;Ljava/lang/String;Ljava/lang/String;)V @ 178

Classes redefined (0 events):
No events

Internal exceptions (10 events):
Event: 2.218 Thread 0x0000000002a85800 Exception <a 'sun/nio/fs/WindowsException'> (0x00000000fec721e0) thrown at [D:\src\AOSP-openjdk-cygwin\jdk8u\hotspot\src\share\vm\prims\jni.cpp, line 709]
Event: 2.232 Thread 0x0000000002a85800 Exception <a 'sun/nio/fs/WindowsException'> (0x00000000fec77698) thrown at [D:\src\AOSP-openjdk-cygwin\jdk8u\hotspot\src\share\vm\prims\jni.cpp, line 709]
Event: 2.521 Thread 0x0000000002a85800 Exception <a 'sun/nio/fs/WindowsException'> (0x00000000ff112f80) thrown at [D:\src\AOSP-openjdk-cygwin\jdk8u\hotspot\src\share\vm\prims\jni.cpp, line 709]
Event: 2.521 Thread 0x0000000002a85800 Exception <a 'sun/nio/fs/WindowsException'> (0x00000000ff113520) thrown at [D:\src\AOSP-openjdk-cygwin\jdk8u\hotspot\src\share\vm\prims\jni.cpp, line 709]
Event: 3.255 Thread 0x0000000002a85800 Exception <a 'sun/nio/fs/WindowsException'> (0x00000000ff5ed9c8) thrown at [D:\src\AOSP-openjdk-cygwin\jdk8u\hotspot\src\share\vm\prims\jni.cpp, line 709]
Event: 3.260 Thread 0x0000000002a85800 Exception <a 'sun/nio/fs/WindowsException'> (0x00000000ff5edee8) thrown at [D:\src\AOSP-openjdk-cygwin\jdk8u\hotspot\src\share\vm\prims\jni.cpp, line 709]
Event: 4.776 Thread 0x0000000002a85800 Exception <a 'sun/nio/fs/WindowsException'> (0x00000000fecd1408) thrown at [D:\src\AOSP-openjdk-cygwin\jdk8u\hotspot\src\share\vm\prims\jni.cpp, line 709]
Event: 4.776 Thread 0x0000000002a85800 Exception <a 'sun/nio/fs/WindowsException'> (0x00000000fecd1928) thrown at [D:\src\AOSP-openjdk-cygwin\jdk8u\hotspot\src\share\vm\prims\jni.cpp, line 709]
Event: 5.115 Thread 0x0000000002a85800 Exception <a 'sun/nio/fs/WindowsException'> (0x00000000fede6978) thrown at [D:\src\AOSP-openjdk-cygwin\jdk8u\hotspot\src\share\vm\prims\jni.cpp, line 709]
Event: 5.115 Thread 0x0000000002a85800 Exception <a 'sun/nio/fs/WindowsException'> (0x00000000fede6e98) thrown at [D:\src\AOSP-openjdk-cygwin\jdk8u\hotspot\src\share\vm\prims\jni.cpp, line 709]

Events (10 events):
Event: 3.304 Thread 0x0000000002a85800 Uncommon trap: trap_request=0xffffff65 fr.pc=0x0000000002e93138
Event: 3.304 Thread 0x0000000002a85800 DEOPT PACKING pc=0x0000000002e93138 sp=0x0000000002a7e910
Event: 3.304 Thread 0x0000000002a85800 DEOPT UNPACKING pc=0x0000000002bc556a sp=0x0000000002a7e8a8 mode 2
Event: 4.208 Executing VM operation: ParallelGCFailedAllocation
Event: 4.380 Executing VM operation: ParallelGCFailedAllocation done
Event: 4.468 Thread 0x0000000002a85800 Uncommon trap: trap_request=0xffffff65 fr.pc=0x0000000002f48894
Event: 4.468 Thread 0x0000000002a85800 DEOPT PACKING pc=0x0000000002f48894 sp=0x0000000002a7eb80
Event: 4.468 Thread 0x0000000002a85800 DEOPT UNPACKING pc=0x0000000002bc556a sp=0x0000000002a7eac0 mode 2
Event: 4.910 Thread 0x0000000002a85800 DEOPT PACKING pc=0x0000000002e5cf18 sp=0x0000000002a7ea50
Event: 4.910 Thread 0x0000000002a85800 DEOPT UNPACKING pc=0x0000000002bc75bf sp=0x0000000002a7ea00 mode 0


Dynamic libraries:
0x00007ff7c08f0000 - 0x00007ff7c0921000 	D:\Program Files\Android\android-studio\jre\bin\java.exe
0x00007fff62140000 - 0x00007fff62321000 	C:\WINDOWS\SYSTEM32\ntdll.dll
0x00007fff60550000 - 0x00007fff60602000 	C:\WINDOWS\System32\KERNEL32.DLL
0x00007fff5e7c0000 - 0x00007fff5ea33000 	C:\WINDOWS\System32\KERNELBASE.dll
0x00007fff5f6a0000 - 0x00007fff5f741000 	C:\WINDOWS\System32\ADVAPI32.dll
0x00007fff5f600000 - 0x00007fff5f69e000 	C:\WINDOWS\System32\msvcrt.dll
0x00007fff60440000 - 0x00007fff6049b000 	C:\WINDOWS\System32\sechost.dll
0x00007fff5f750000 - 0x00007fff5f874000 	C:\WINDOWS\System32\RPCRT4.dll
0x00007fff60130000 - 0x00007fff602c0000 	C:\WINDOWS\System32\USER32.dll
0x00007fff5e7a0000 - 0x00007fff5e7c0000 	C:\WINDOWS\System32\win32u.dll
0x00007fff5f5d0000 - 0x00007fff5f5f8000 	C:\WINDOWS\System32\GDI32.dll
0x00007fff5f340000 - 0x00007fff5f4d2000 	C:\WINDOWS\System32\gdi32full.dll
0x00007fff5f4e0000 - 0x00007fff5f57f000 	C:\WINDOWS\System32\msvcp_win.dll
0x00007fff5e620000 - 0x00007fff5e71a000 	C:\WINDOWS\System32\ucrtbase.dll
0x00007fff49ca0000 - 0x00007fff49f09000 	C:\WINDOWS\WinSxS\amd64_microsoft.windows.common-controls_6595b64144ccf1df_6.0.17134.228_none_fb4599993062b194\COMCTL32.dll
0x00007fff61bb0000 - 0x00007fff61ed3000 	C:\WINDOWS\System32\combase.dll
0x00007fff5e720000 - 0x00007fff5e79a000 	C:\WINDOWS\System32\bcryptPrimitives.dll
0x00007fff60670000 - 0x00007fff6069d000 	C:\WINDOWS\System32\IMM32.DLL
0x0000000068b80000 - 0x0000000068c52000 	D:\Program Files\Android\android-studio\jre\jre\bin\msvcr100.dll
0x0000000068c60000 - 0x000000006949e000 	D:\Program Files\Android\android-studio\jre\jre\bin\server\jvm.dll
0x00007fff5fe40000 - 0x00007fff5fe48000 	C:\WINDOWS\System32\PSAPI.DLL
0x00007fff5c5a0000 - 0x00007fff5c5c3000 	C:\WINDOWS\SYSTEM32\WINMM.dll
0x00007fff5ae70000 - 0x00007fff5ae79000 	C:\WINDOWS\SYSTEM32\WSOCK32.dll
0x00007fff620a0000 - 0x00007fff6210c000 	C:\WINDOWS\System32\WS2_32.dll
0x00007fff55670000 - 0x00007fff5567a000 	C:\WINDOWS\SYSTEM32\VERSION.dll
0x00007fff5c150000 - 0x00007fff5c17a000 	C:\WINDOWS\SYSTEM32\WINMMBASE.dll
0x00007fff5f580000 - 0x00007fff5f5c9000 	C:\WINDOWS\System32\cfgmgr32.dll
0x00007fff539d0000 - 0x00007fff539df000 	D:\Program Files\Android\android-studio\jre\jre\bin\verify.dll
0x00007fff46da0000 - 0x00007fff46dc9000 	D:\Program Files\Android\android-studio\jre\jre\bin\java.dll
0x00007fff49650000 - 0x00007fff49666000 	D:\Program Files\Android\android-studio\jre\jre\bin\zip.dll
0x00007fff60710000 - 0x00007fff61b50000 	C:\WINDOWS\System32\SHELL32.dll
0x00007fff604a0000 - 0x00007fff60549000 	C:\WINDOWS\System32\shcore.dll
0x00007fff5ec30000 - 0x00007fff5f33d000 	C:\WINDOWS\System32\windows.storage.dll
0x00007fff61b50000 - 0x00007fff61ba1000 	C:\WINDOWS\System32\shlwapi.dll
0x00007fff5e4d0000 - 0x00007fff5e4e1000 	C:\WINDOWS\System32\kernel.appcore.dll
0x00007fff5e4f0000 - 0x00007fff5e50f000 	C:\WINDOWS\System32\profapi.dll
0x00007fff5e480000 - 0x00007fff5e4cc000 	C:\WINDOWS\System32\powrprof.dll
0x00007fff5e470000 - 0x00007fff5e47a000 	C:\WINDOWS\System32\FLTLIB.DLL
0x00007fff5de90000 - 0x00007fff5dea7000 	C:\WINDOWS\SYSTEM32\CRYPTSP.dll
0x00007fff5d850000 - 0x00007fff5d883000 	C:\WINDOWS\system32\rsaenh.dll
0x00007fff5dfb0000 - 0x00007fff5dfd5000 	C:\WINDOWS\SYSTEM32\bcrypt.dll
0x00007fff5e380000 - 0x00007fff5e3a8000 	C:\WINDOWS\SYSTEM32\USERENV.dll
0x00007fff5de80000 - 0x00007fff5de8b000 	C:\WINDOWS\SYSTEM32\CRYPTBASE.dll
0x00007fff486a0000 - 0x00007fff486ba000 	D:\Program Files\Android\android-studio\jre\jre\bin\net.dll
0x00007fff5dcd0000 - 0x00007fff5dd36000 	C:\WINDOWS\system32\mswsock.dll
0x00007fff5d9f0000 - 0x00007fff5da28000 	C:\WINDOWS\SYSTEM32\IPHLPAPI.DLL
0x00007fff5fe50000 - 0x00007fff5fe58000 	C:\WINDOWS\System32\NSI.dll
0x00007fff546c0000 - 0x00007fff546d6000 	C:\WINDOWS\SYSTEM32\dhcpcsvc6.DLL
0x00007fff556a0000 - 0x00007fff556ba000 	C:\WINDOWS\SYSTEM32\dhcpcsvc.DLL
0x00007fff47ba0000 - 0x00007fff47bb1000 	D:\Program Files\Android\android-studio\jre\jre\bin\nio.dll

VM Arguments:
jvm_args: -Djava.awt.headless=true -Xmx64M -Dfile.encoding=GBK -Duser.country=CN -Duser.language=zh -Duser.variant 
java_command: com.google.devtools.build.android.desugar.Desugar --input D:\Android_file\AndroidStudioPro\IOTClient\app\build\intermediates\transforms\stackFramesFixer\debug\28.jar --output D:\Android_file\AndroidStudioPro\IOTClient\app\build\intermediates\transforms\desugar\debug\31.jar --input D:\Android_file\AndroidStudioPro\IOTClient\app\build\intermediates\transforms\stackFramesFixer\debug\16.jar --output D:\Android_file\AndroidStudioPro\IOTClient\app\build\intermediates\transforms\desugar\debug\19.jar --input D:\Android_file\AndroidStudioPro\IOTClient\app\build\intermediates\transforms\stackFramesFixer\debug\21.jar --output D:\Android_file\AndroidStudioPro\IOTClient\app\build\intermediates\transforms\desugar\debug\24.jar --input D:\Android_file\AndroidStudioPro\IOTClient\app\build\intermediates\transforms\stackFramesFixer\debug\3.jar --output D:\Android_file\AndroidStudioPro\IOTClient\app\build\intermediates\transforms\desugar\debug\6.jar --input D:\Android_file\AndroidStudioPro\IOTClient\app\build\intermediates\transforms\stackFramesFixer\debug\32.jar --output D:\Android_file\AndroidStudioPro\IOTClient\app\build\intermediates\transforms\desugar\debug\35.jar --input D:\Android_file\AndroidStudioPro\IOTClient\app\build\intermediates\transforms\stackFramesFixer\debug\33.jar --output D:\Android_file\AndroidStudioPro\IOTClient\app\build\intermediates\transforms\desugar\debug\36.jar --input D:\Android_file\AndroidStudioPro\IOTClient\app\build\intermediates\transforms\stackFramesFixer\debug\25.jar --output D:\Android_file\AndroidStudioPro\IOTClient\app\build\intermediates\transforms\desugar\debug\28.jar --input D:\Android_file\AndroidStudioPro\IOTClient\app\build\intermediates\transforms\stackFramesFixer\debug\4.jar --output D:\Android_file\AndroidStudioPro\IOTClient\app\build\intermediates\transforms\desugar\debug\7.jar --input D:\Android_file\AndroidStudioPro\IOTClient\app\build\intermediates\transforms\stackFramesFixer\debug\12.jar --output D:\Android_file\Andro
java_class_path (initial): C:\Users\langstone\AppData\Local\Temp\desugar_deploy.jar1214913606588463306
Launcher Type: SUN_STANDARD

Environment Variables:
JAVA_HOME=D:\Android\JDK8_64
CLASSPATH=.;D:\Android\JDK8_64\lib\dt.jar;D:\Android\JDK8_64\lib\tools.jar 
PATH=C:\WINDOWS\system32;C:\WINDOWS;C:\WINDOWS\System32\Wbem;C:\WINDOWS\System32\WindowsPowerShell\v1.0\;D:\Android\JDK8_64\bin;D:\Android\JDK8_64\jre\bin;D:\Android\apache-tomcat-8.5.32\lib;D:\Android\apache-tomcat-8.5.32\bin ;D:\Android\apache-maven-3.5.4\bin;D:\Android\Sdk\platform-tools;D:\Android\Sdk\tools;C:\WINDOWS\System32\OpenSSH\;C:\Users\langstone\AppData\Local\Microsoft\WindowsApps;
USERNAME=langstone
OS=Windows_NT
PROCESSOR_IDENTIFIER=Intel64 Family 6 Model 61 Stepping 4, GenuineIntel



---------------  S Y S T E M  ---------------

OS: Windows 10.0 , 64 bit Build 17134 (10.0.17134.1)

CPU:total 4 (initial active 4) (2 cores per cpu, 2 threads per core) family 6 model 61 stepping 4, cmov, cx8, fxsr, mmx, sse, sse2, sse3, ssse3, sse4.1, sse4.2, popcnt, avx, avx2, aes, clmul, erms, 3dnowpref, lzcnt, ht, tsc, tscinvbit, bmi1, bmi2, adx

Memory: 4k page, physical 8306864k(975116k free), swap 21302156k(6796k free)

vm_info: OpenJDK 64-Bit Server VM (25.152-b01) for windows-amd64 JRE (1.8.0_152-release-915-b01), built by "builder" with MS VC++ 10.0 (VS2010)

time: Fri Sep 14 00:41:33 2018
elapsed time: 5 seconds (0d 0h 0m 5s)

