#
# There is insufficient memory for the Java Runtime Environment to continue.
# Native memory allocation (malloc) failed to allocate 32744 bytes for ChunkPool::allocate
# Possible reasons:
#   The system is out of physical RAM or swap space
#   In 32 bit mode, the process size limit was hit
# Possible solutions:
#   Reduce memory load on the system
#   Increase physical memory or swap space
#   Check if swap backing store is full
#   Use 64 bit Java on a 64 bit OS
#   Decrease Java heap size (-Xmx/-Xms)
#   Decrease number of Java threads
#   Decrease Java thread stack sizes (-Xss)
#   Set larger code cache with -XX:ReservedCodeCacheSize=
# This output file may be truncated or incomplete.
#
#  Out of Memory Error (allocation.cpp:273), pid=9580, tid=0x0000000000003890
#
# JRE version: OpenJDK Runtime Environment (8.0_152-b01) (build 1.8.0_152-release-915-b01)
# Java VM: OpenJDK 64-Bit Server VM (25.152-b01 mixed mode windows-amd64 compressed oops)
# Failed to write core dump. Minidumps are not enabled by default on client versions of Windows
#

---------------  T H R E A D  ---------------

Current thread (0x00000000133d3000):  JavaThread "C2 CompilerThread0" daemon [_thread_in_native, id=14480, stack(0x0000000014d80000,0x0000000014e80000)]

Stack: [0x0000000014d80000,0x0000000014e80000]
[error occurred during error reporting (printing stack bounds), id 0xc0000005]

Native frames: (J=compiled Java code, j=interpreted, Vv=VM code, C=native code)


Current CompileTask:
C2:   4227  874 %     4       org.objectweb.asm.ClassReader::a @ 1480 (3587 bytes)


---------------  P R O C E S S  ---------------

Java Threads: ( => current thread )
  0x00000000147e4000 JavaThread "Service Thread" daemon [_thread_blocked, id=17296, stack(0x0000000015080000,0x0000000015180000)]
  0x000000001478d000 JavaThread "C1 CompilerThread2" daemon [_thread_blocked, id=2028, stack(0x0000000014f80000,0x0000000015080000)]
  0x000000001478a000 JavaThread "C2 CompilerThread1" daemon [_thread_blocked, id=808, stack(0x0000000014e80000,0x0000000014f80000)]
=>0x00000000133d3000 JavaThread "C2 CompilerThread0" daemon [_thread_in_native, id=14480, stack(0x0000000014d80000,0x0000000014e80000)]
  0x00000000133d2000 JavaThread "Attach Listener" daemon [_thread_blocked, id=9128, stack(0x0000000014c80000,0x0000000014d80000)]
  0x00000000133bb800 JavaThread "Signal Dispatcher" daemon [_thread_blocked, id=10032, stack(0x0000000014b80000,0x0000000014c80000)]
  0x000000000303a800 JavaThread "Finalizer" daemon [_thread_blocked, id=16896, stack(0x0000000014620000,0x0000000014720000)]
  0x0000000003035000 JavaThread "Reference Handler" daemon [_thread_blocked, id=9252, stack(0x0000000014520000,0x0000000014620000)]
  0x0000000002f45800 JavaThread "main" [_thread_in_vm, id=14616, stack(0x0000000002e40000,0x0000000002f40000)]

Other Threads:
  0x0000000013386800 VMThread [stack: 0x0000000014420000,0x0000000014520000] [id=15220]
  0x00000000147e5800 WatcherThread [stack: 0x0000000015180000,0x0000000015280000] [id=10480]

VM state:not at safepoint (normal execution)

VM Mutex/Monitor currently owned by a thread: None

Heap:
 PSYoungGen      total 18944K, used 5946K [0x00000000feb00000, 0x0000000100000000, 0x0000000100000000)
  eden space 16384K, 20% used [0x00000000feb00000,0x00000000fee52310,0x00000000ffb00000)
  from space 2560K, 99% used [0x00000000ffd80000,0x00000000ffffc7f0,0x0000000100000000)
  to   space 2560K, 0% used [0x00000000ffb00000,0x00000000ffb00000,0x00000000ffd80000)
 ParOldGen       total 44032K, used 5338K [0x00000000fc000000, 0x00000000feb00000, 0x00000000feb00000)
  object space 44032K, 12% used [0x00000000fc000000,0x00000000fc536bc0,0x00000000feb00000)
 Metaspace       used 7649K, capacity 7848K, committed 7936K, reserved 1056768K
  class space    used 873K, capacity 956K, committed 1024K, reserved 1048576K

Card table byte_map: [0x0000000002dc0000,0x0000000002df0000] byte_map_base: 0x00000000025e0000

Marking Bits: (ParMarkBitMap*) 0x0000000069423950
 Begin Bits: [0x0000000012800000, 0x0000000012900000)
 End Bits:   [0x0000000012900000, 0x0000000012a00000)

Polling page: 0x0000000000da0000

CodeCache: size=245760Kb used=3608Kb max_used=3610Kb free=242151Kb
 bounds [0x0000000003040000, 0x00000000033d0000, 0x0000000012040000]
 total_blobs=1267 nmethods=933 adapters=248
 compilation: enabled

Compilation events (10 events):
Event: 4.076 Thread 0x000000001478d000  930       3       org.objectweb.asm.tree.TypeInsnNode::accept (18 bytes)
Event: 4.076 Thread 0x000000001478d000 nmethod 930 0x00000000033c8910 code [0x00000000033c8a80, 0x00000000033c8d78]
Event: 4.077 Thread 0x000000001478d000  931       3       org.objectweb.asm.MethodVisitor::visitInsn (16 bytes)
Event: 4.077 Thread 0x000000001478d000 nmethod 931 0x00000000033c8450 code [0x00000000033c85c0, 0x00000000033c8828]
Event: 4.077 Thread 0x000000001478d000  932       3       org.objectweb.asm.tree.InsnNode::accept (14 bytes)
Event: 4.077 Thread 0x000000001478d000 nmethod 932 0x00000000033c7f10 code [0x00000000033c8080, 0x00000000033c8378]
Event: 4.078 Thread 0x000000001478d000  933       3       java.util.HashMap::<init> (11 bytes)
Event: 4.078 Thread 0x000000001478d000 nmethod 933 0x00000000033c7ad0 code [0x00000000033c7c40, 0x00000000033c7e50]
Event: 4.079 Thread 0x000000001478d000  934       3       org.objectweb.asm.ClassReader::a (75 bytes)
Event: 4.080 Thread 0x000000001478d000 nmethod 934 0x00000000033c6f10 code [0x00000000033c70e0, 0x00000000033c77b8]

GC Heap History (4 events):
Event: 2.647 GC heap before
{Heap before GC invocations=1 (full 0):
 PSYoungGen      total 18944K, used 16384K [0x00000000feb00000, 0x0000000100000000, 0x0000000100000000)
  eden space 16384K, 100% used [0x00000000feb00000,0x00000000ffb00000,0x00000000ffb00000)
  from space 2560K, 0% used [0x00000000ffd80000,0x00000000ffd80000,0x0000000100000000)
  to   space 2560K, 0% used [0x00000000ffb00000,0x00000000ffb00000,0x00000000ffd80000)
 ParOldGen       total 44032K, used 0K [0x00000000fc000000, 0x00000000feb00000, 0x00000000feb00000)
  object space 44032K, 0% used [0x00000000fc000000,0x00000000fc000000,0x00000000feb00000)
 Metaspace       used 6594K, capacity 6746K, committed 7040K, reserved 1056768K
  class space    used 772K, capacity 823K, committed 896K, reserved 1048576K
Event: 2.652 GC heap after
Heap after GC invocations=1 (full 0):
 PSYoungGen      total 18944K, used 2536K [0x00000000feb00000, 0x0000000100000000, 0x0000000100000000)
  eden space 16384K, 0% used [0x00000000feb00000,0x00000000feb00000,0x00000000ffb00000)
  from space 2560K, 99% used [0x00000000ffb00000,0x00000000ffd7a030,0x00000000ffd80000)
  to   space 2560K, 0% used [0x00000000ffd80000,0x00000000ffd80000,0x0000000100000000)
 ParOldGen       total 44032K, used 1692K [0x00000000fc000000, 0x00000000feb00000, 0x00000000feb00000)
  object space 44032K, 3% used [0x00000000fc000000,0x00000000fc1a7380,0x00000000feb00000)
 Metaspace       used 6594K, capacity 6746K, committed 7040K, reserved 1056768K
  class space    used 772K, capacity 823K, committed 896K, reserved 1048576K
}
Event: 3.517 GC heap before
{Heap before GC invocations=2 (full 0):
 PSYoungGen      total 18944K, used 18920K [0x00000000feb00000, 0x0000000100000000, 0x0000000100000000)
  eden space 16384K, 100% used [0x00000000feb00000,0x00000000ffb00000,0x00000000ffb00000)
  from space 2560K, 99% used [0x00000000ffb00000,0x00000000ffd7a030,0x00000000ffd80000)
  to   space 2560K, 0% used [0x00000000ffd80000,0x00000000ffd80000,0x0000000100000000)
 ParOldGen       total 44032K, used 1692K [0x00000000fc000000, 0x00000000feb00000, 0x00000000feb00000)
  object space 44032K, 3% used [0x00000000fc000000,0x00000000fc1a7380,0x00000000feb00000)
 Metaspace       used 7578K, capacity 7720K, committed 7936K, reserved 1056768K
  class space    used 870K, capacity 956K, committed 1024K, reserved 1048576K
Event: 3.816 GC heap after
Heap after GC invocations=2 (full 0):
 PSYoungGen      total 18944K, used 2545K [0x00000000feb00000, 0x0000000100000000, 0x0000000100000000)
  eden space 16384K, 0% used [0x00000000feb00000,0x00000000feb00000,0x00000000ffb00000)
  from space 2560K, 99% used [0x00000000ffd80000,0x00000000ffffc7f0,0x0000000100000000)
  to   space 2560K, 0% used [0x00000000ffb00000,0x00000000ffb00000,0x00000000ffd80000)
 ParOldGen       total 44032K, used 5338K [0x00000000fc000000, 0x00000000feb00000, 0x00000000feb00000)
  object space 44032K, 12% used [0x00000000fc000000,0x00000000fc536bc0,0x00000000feb00000)
 Metaspace       used 7578K, capacity 7720K, committed 7936K, reserved 1056768K
  class space    used 870K, capacity 956K, committed 1024K, reserved 1048576K
}

Deoptimization events (10 events):
Event: 3.391 Thread 0x0000000002f45800 Uncommon trap: reason=unstable_if action=reinterpret pc=0x0000000003305dfc method=org.objectweb.asm.ClassReader.a(II[C)Ljava/lang/String; @ 77
Event: 3.392 Thread 0x0000000002f45800 Uncommon trap: reason=unstable_if action=reinterpret pc=0x000000000330823c method=org.objectweb.asm.ClassReader.a(II[C)Ljava/lang/String; @ 77
Event: 3.394 Thread 0x0000000002f45800 Uncommon trap: reason=unstable_if action=reinterpret pc=0x000000000330a178 method=org.objectweb.asm.ByteVector.putUTF8(Ljava/lang/String;)Lorg/objectweb/asm/ByteVector; @ 98
Event: 3.825 Thread 0x0000000002f45800 Uncommon trap: reason=class_check action=maybe_recompile pc=0x0000000003376164 method=org.objectweb.asm.MethodVisitor.visitVarInsn(II)V @ 13
Event: 3.825 Thread 0x0000000002f45800 Uncommon trap: reason=class_check action=maybe_recompile pc=0x0000000003376164 method=org.objectweb.asm.MethodVisitor.visitVarInsn(II)V @ 13
Event: 3.825 Thread 0x0000000002f45800 Uncommon trap: reason=class_check action=maybe_recompile pc=0x0000000003376164 method=org.objectweb.asm.MethodVisitor.visitVarInsn(II)V @ 13
Event: 3.825 Thread 0x0000000002f45800 Uncommon trap: reason=class_check action=maybe_recompile pc=0x0000000003376164 method=org.objectweb.asm.MethodVisitor.visitVarInsn(II)V @ 13
Event: 4.040 Thread 0x0000000002f45800 Uncommon trap: reason=unstable_if action=reinterpret pc=0x000000000338c804 method=org.objectweb.asm.Type.getArgumentsAndReturnSizes(Ljava/lang/String;)I @ 47
Event: 4.072 Thread 0x0000000002f45800 Uncommon trap: reason=unstable_if action=reinterpret pc=0x00000000033c0374 method=org.objectweb.asm.MethodWriter.visitInsn(I)V @ 106
Event: 4.077 Thread 0x0000000002f45800 Uncommon trap: reason=unstable_if action=reinterpret pc=0x0000000003388ff8 method=org.objectweb.asm.MethodWriter.visitInsn(I)V @ 106

Classes redefined (0 events):
No events

Internal exceptions (10 events):
Event: 2.555 Thread 0x0000000002f45800 Implicit null exception at 0x0000000003255d3d to 0x0000000003256171
Event: 2.772 Thread 0x0000000002f45800 Exception <a 'sun/nio/fs/WindowsException'> (0x00000000ff1dd890) thrown at [D:\src\AOSP-openjdk-cygwin\jdk8u\hotspot\src\share\vm\prims\jni.cpp, line 709]
Event: 2.773 Thread 0x0000000002f45800 Exception <a 'sun/nio/fs/WindowsException'> (0x00000000ff1dde60) thrown at [D:\src\AOSP-openjdk-cygwin\jdk8u\hotspot\src\share\vm\prims\jni.cpp, line 709]
Event: 2.773 Thread 0x0000000002f45800 Exception <a 'sun/nio/fs/WindowsException'> (0x00000000ff1de458) thrown at [D:\src\AOSP-openjdk-cygwin\jdk8u\hotspot\src\share\vm\prims\jni.cpp, line 709]
Event: 2.773 Thread 0x0000000002f45800 Exception <a 'sun/nio/fs/WindowsException'> (0x00000000ff1dec28) thrown at [D:\src\AOSP-openjdk-cygwin\jdk8u\hotspot\src\share\vm\prims\jni.cpp, line 709]
Event: 2.773 Thread 0x0000000002f45800 Exception <a 'sun/nio/fs/WindowsException'> (0x00000000ff1df1f8) thrown at [D:\src\AOSP-openjdk-cygwin\jdk8u\hotspot\src\share\vm\prims\jni.cpp, line 709]
Event: 2.773 Thread 0x0000000002f45800 Exception <a 'sun/nio/fs/WindowsException'> (0x00000000ff1df9b8) thrown at [D:\src\AOSP-openjdk-cygwin\jdk8u\hotspot\src\share\vm\prims\jni.cpp, line 709]
Event: 2.841 Thread 0x0000000002f45800 Exception <a 'sun/nio/fs/WindowsException'> (0x00000000ff1e4e48) thrown at [D:\src\AOSP-openjdk-cygwin\jdk8u\hotspot\src\share\vm\prims\jni.cpp, line 709]
Event: 3.050 Thread 0x0000000002f45800 Exception <a 'sun/nio/fs/WindowsException'> (0x00000000ff680eb0) thrown at [D:\src\AOSP-openjdk-cygwin\jdk8u\hotspot\src\share\vm\prims\jni.cpp, line 709]
Event: 3.050 Thread 0x0000000002f45800 Exception <a 'sun/nio/fs/WindowsException'> (0x00000000ff681450) thrown at [D:\src\AOSP-openjdk-cygwin\jdk8u\hotspot\src\share\vm\prims\jni.cpp, line 709]

Events (10 events):
Event: 3.825 loading class org/objectweb/asm/Handler done
Event: 4.040 Thread 0x0000000002f45800 Uncommon trap: trap_request=0xffffff65 fr.pc=0x000000000338c804
Event: 4.040 Thread 0x0000000002f45800 DEOPT PACKING pc=0x000000000338c804 sp=0x0000000002f3e7d0
Event: 4.040 Thread 0x0000000002f45800 DEOPT UNPACKING pc=0x000000000308556a sp=0x0000000002f3e758 mode 2
Event: 4.072 Thread 0x0000000002f45800 Uncommon trap: trap_request=0xffffff65 fr.pc=0x00000000033c0374
Event: 4.072 Thread 0x0000000002f45800 DEOPT PACKING pc=0x00000000033c0374 sp=0x0000000002f3ea20
Event: 4.072 Thread 0x0000000002f45800 DEOPT UNPACKING pc=0x000000000308556a sp=0x0000000002f3e918 mode 2
Event: 4.077 Thread 0x0000000002f45800 Uncommon trap: trap_request=0xffffff65 fr.pc=0x0000000003388ff8
Event: 4.077 Thread 0x0000000002f45800 DEOPT PACKING pc=0x0000000003388ff8 sp=0x0000000002f3e9c0
Event: 4.077 Thread 0x0000000002f45800 DEOPT UNPACKING pc=0x000000000308556a sp=0x0000000002f3e908 mode 2


Dynamic libraries:
0x00007ff7c08f0000 - 0x00007ff7c0921000 	D:\Program Files\Android\android-studio\jre\bin\java.exe
0x00007fff62140000 - 0x00007fff62321000 	C:\WINDOWS\SYSTEM32\ntdll.dll
0x00007fff60550000 - 0x00007fff60602000 	C:\WINDOWS\System32\KERNEL32.DLL
0x00007fff5e7c0000 - 0x00007fff5ea33000 	C:\WINDOWS\System32\KERNELBASE.dll
0x00007fff5f6a0000 - 0x00007fff5f741000 	C:\WINDOWS\System32\ADVAPI32.dll
0x00007fff5f600000 - 0x00007fff5f69e000 	C:\WINDOWS\System32\msvcrt.dll
0x00007fff60440000 - 0x00007fff6049b000 	C:\WINDOWS\System32\sechost.dll
0x00007fff5f750000 - 0x00007fff5f874000 	C:\WINDOWS\System32\RPCRT4.dll
0x00007fff60130000 - 0x00007fff602c0000 	C:\WINDOWS\System32\USER32.dll
0x00007fff5e7a0000 - 0x00007fff5e7c0000 	C:\WINDOWS\System32\win32u.dll
0x00007fff5f5d0000 - 0x00007fff5f5f8000 	C:\WINDOWS\System32\GDI32.dll
0x00007fff5f340000 - 0x00007fff5f4d2000 	C:\WINDOWS\System32\gdi32full.dll
0x00007fff5f4e0000 - 0x00007fff5f57f000 	C:\WINDOWS\System32\msvcp_win.dll
0x00007fff5e620000 - 0x00007fff5e71a000 	C:\WINDOWS\System32\ucrtbase.dll
0x00007fff49ca0000 - 0x00007fff49f09000 	C:\WINDOWS\WinSxS\amd64_microsoft.windows.common-controls_6595b64144ccf1df_6.0.17134.228_none_fb4599993062b194\COMCTL32.dll
0x00007fff61bb0000 - 0x00007fff61ed3000 	C:\WINDOWS\System32\combase.dll
0x00007fff5e720000 - 0x00007fff5e79a000 	C:\WINDOWS\System32\bcryptPrimitives.dll
0x00007fff60670000 - 0x00007fff6069d000 	C:\WINDOWS\System32\IMM32.DLL
0x0000000068b80000 - 0x0000000068c52000 	D:\Program Files\Android\android-studio\jre\jre\bin\msvcr100.dll
0x0000000068c60000 - 0x000000006949e000 	D:\Program Files\Android\android-studio\jre\jre\bin\server\jvm.dll
0x00007fff5fe40000 - 0x00007fff5fe48000 	C:\WINDOWS\System32\PSAPI.DLL
0x00007fff5ae70000 - 0x00007fff5ae79000 	C:\WINDOWS\SYSTEM32\WSOCK32.dll
0x00007fff620a0000 - 0x00007fff6210c000 	C:\WINDOWS\System32\WS2_32.dll
0x00007fff5c5a0000 - 0x00007fff5c5c3000 	C:\WINDOWS\SYSTEM32\WINMM.dll
0x00007fff55670000 - 0x00007fff5567a000 	C:\WINDOWS\SYSTEM32\VERSION.dll
0x00007fff5c150000 - 0x00007fff5c17a000 	C:\WINDOWS\SYSTEM32\WINMMBASE.dll
0x00007fff5f580000 - 0x00007fff5f5c9000 	C:\WINDOWS\System32\cfgmgr32.dll
0x00007fff539d0000 - 0x00007fff539df000 	D:\Program Files\Android\android-studio\jre\jre\bin\verify.dll
0x00007fff46da0000 - 0x00007fff46dc9000 	D:\Program Files\Android\android-studio\jre\jre\bin\java.dll
0x00007fff49650000 - 0x00007fff49666000 	D:\Program Files\Android\android-studio\jre\jre\bin\zip.dll
0x00007fff60710000 - 0x00007fff61b50000 	C:\WINDOWS\System32\SHELL32.dll
0x00007fff604a0000 - 0x00007fff60549000 	C:\WINDOWS\System32\shcore.dll
0x00007fff5ec30000 - 0x00007fff5f33d000 	C:\WINDOWS\System32\windows.storage.dll
0x00007fff61b50000 - 0x00007fff61ba1000 	C:\WINDOWS\System32\shlwapi.dll
0x00007fff5e4d0000 - 0x00007fff5e4e1000 	C:\WINDOWS\System32\kernel.appcore.dll
0x00007fff5e4f0000 - 0x00007fff5e50f000 	C:\WINDOWS\System32\profapi.dll
0x00007fff5e480000 - 0x00007fff5e4cc000 	C:\WINDOWS\System32\powrprof.dll
0x00007fff5e470000 - 0x00007fff5e47a000 	C:\WINDOWS\System32\FLTLIB.DLL
0x00007fff5de90000 - 0x00007fff5dea7000 	C:\WINDOWS\SYSTEM32\CRYPTSP.dll
0x00007fff5d850000 - 0x00007fff5d883000 	C:\WINDOWS\system32\rsaenh.dll
0x00007fff5dfb0000 - 0x00007fff5dfd5000 	C:\WINDOWS\SYSTEM32\bcrypt.dll
0x00007fff5e380000 - 0x00007fff5e3a8000 	C:\WINDOWS\SYSTEM32\USERENV.dll
0x00007fff5de80000 - 0x00007fff5de8b000 	C:\WINDOWS\SYSTEM32\CRYPTBASE.dll
0x00007fff486a0000 - 0x00007fff486ba000 	D:\Program Files\Android\android-studio\jre\jre\bin\net.dll
0x00007fff5dcd0000 - 0x00007fff5dd36000 	C:\WINDOWS\system32\mswsock.dll
0x00007fff5d9f0000 - 0x00007fff5da28000 	C:\WINDOWS\SYSTEM32\IPHLPAPI.DLL
0x00007fff5fe50000 - 0x00007fff5fe58000 	C:\WINDOWS\System32\NSI.dll
0x00007fff546c0000 - 0x00007fff546d6000 	C:\WINDOWS\SYSTEM32\dhcpcsvc6.DLL
0x00007fff556a0000 - 0x00007fff556ba000 	C:\WINDOWS\SYSTEM32\dhcpcsvc.DLL
0x00007fff47ba0000 - 0x00007fff47bb1000 	D:\Program Files\Android\android-studio\jre\jre\bin\nio.dll

VM Arguments:
jvm_args: -Djava.awt.headless=true -Xmx64M -Dfile.encoding=GBK -Duser.country=CN -Duser.language=zh -Duser.variant 
java_command: com.google.devtools.build.android.desugar.Desugar --input D:\Android_file\AndroidStudioPro\IOTClient\app\build\intermediates\transforms\stackFramesFixer\debug\17.jar --output D:\Android_file\AndroidStudioPro\IOTClient\app\build\intermediates\transforms\desugar\debug\20.jar --input D:\Android_file\AndroidStudioPro\IOTClient\app\build\intermediates\transforms\stackFramesFixer\debug\1.jar --output D:\Android_file\AndroidStudioPro\IOTClient\app\build\intermediates\transforms\desugar\debug\4.jar --input D:\Android_file\AndroidStudioPro\IOTClient\app\build\intermediates\transforms\stackFramesFixer\debug\31.jar --output D:\Android_file\AndroidStudioPro\IOTClient\app\build\intermediates\transforms\desugar\debug\34.jar --input D:\Android_file\AndroidStudioPro\IOTClient\app\build\intermediates\transforms\stackFramesFixer\debug\34.jar --output D:\Android_file\AndroidStudioPro\IOTClient\app\build\intermediates\transforms\desugar\debug\37.jar --input D:\Android_file\AndroidStudioPro\IOTClient\app\build\intermediates\transforms\stackFramesFixer\debug\33.jar --output D:\Android_file\AndroidStudioPro\IOTClient\app\build\intermediates\transforms\desugar\debug\36.jar --input D:\Android_file\AndroidStudioPro\IOTClient\app\build\intermediates\transforms\stackFramesFixer\debug\0.jar --output D:\Android_file\AndroidStudioPro\IOTClient\app\build\intermediates\transforms\desugar\debug\3.jar --input D:\Android_file\AndroidStudioPro\IOTClient\app\build\intermediates\transforms\stackFramesFixer\debug\18.jar --output D:\Android_file\AndroidStudioPro\IOTClient\app\build\intermediates\transforms\desugar\debug\21.jar --input D:\Android_file\AndroidStudioPro\IOTClient\app\build\intermediates\transforms\stackFramesFixer\debug\4.jar --output D:\Android_file\AndroidStudioPro\IOTClient\app\build\intermediates\transforms\desugar\debug\7.jar --input D:\Android_file\AndroidStudioPro\IOTClient\app\build\intermediates\transforms\stackFramesFixer\debug\24.jar --output D:\Android_file\Android
java_class_path (initial): C:\Users\langstone\AppData\Local\Temp\desugar_deploy.jar1214913606588463306
Launcher Type: SUN_STANDARD

Environment Variables:
JAVA_HOME=D:\Android\JDK8_64
CLASSPATH=.;D:\Android\JDK8_64\lib\dt.jar;D:\Android\JDK8_64\lib\tools.jar 
PATH=C:\WINDOWS\system32;C:\WINDOWS;C:\WINDOWS\System32\Wbem;C:\WINDOWS\System32\WindowsPowerShell\v1.0\;D:\Android\JDK8_64\bin;D:\Android\JDK8_64\jre\bin;D:\Android\apache-tomcat-8.5.32\lib;D:\Android\apache-tomcat-8.5.32\bin ;D:\Android\apache-maven-3.5.4\bin;D:\Android\Sdk\platform-tools;D:\Android\Sdk\tools;C:\WINDOWS\System32\OpenSSH\;C:\Users\langstone\AppData\Local\Microsoft\WindowsApps;
USERNAME=langstone
OS=Windows_NT
PROCESSOR_IDENTIFIER=Intel64 Family 6 Model 61 Stepping 4, GenuineIntel



---------------  S Y S T E M  ---------------

OS: Windows 10.0 , 64 bit Build 17134 (10.0.17134.1)

CPU:total 4 (initial active 4) (2 cores per cpu, 2 threads per core) family 6 model 61 stepping 4, cmov, cx8, fxsr, mmx, sse, sse2, sse3, ssse3, sse4.1, sse4.2, popcnt, avx, avx2, aes, clmul, erms, 3dnowpref, lzcnt, ht, tsc, tscinvbit, bmi1, bmi2, adx

Memory: 4k page, physical 8306864k(916284k free), swap 21302156k(32k free)

vm_info: OpenJDK 64-Bit Server VM (25.152-b01) for windows-amd64 JRE (1.8.0_152-release-915-b01), built by "builder" with MS VC++ 10.0 (VS2010)

time: Fri Sep 14 00:43:04 2018
elapsed time: 4 seconds (0d 0h 0m 4s)

