#
# There is insufficient memory for the Java Runtime Environment to continue.
# Native memory allocation (malloc) failed to allocate 63056 bytes for Chunk::new
# Possible reasons:
#   The system is out of physical RAM or swap space
#   In 32 bit mode, the process size limit was hit
# Possible solutions:
#   Reduce memory load on the system
#   Increase physical memory or swap space
#   Check if swap backing store is full
#   Use 64 bit Java on a 64 bit OS
#   Decrease Java heap size (-Xmx/-Xms)
#   Decrease number of Java threads
#   Decrease Java thread stack sizes (-Xss)
#   Set larger code cache with -XX:ReservedCodeCacheSize=
# This output file may be truncated or incomplete.
#
#  Out of Memory Error (allocation.cpp:390), pid=10500, tid=0x0000000000001c1c
#
# JRE version: OpenJDK Runtime Environment (8.0_152-b01) (build 1.8.0_152-release-915-b01)
# Java VM: OpenJDK 64-Bit Server VM (25.152-b01 mixed mode windows-amd64 compressed oops)
# Failed to write core dump. Minidumps are not enabled by default on client versions of Windows
#

---------------  T H R E A D  ---------------

Current thread (0x0000000012ecd800):  JavaThread "C2 CompilerThread0" daemon [_thread_in_native, id=7196, stack(0x0000000014850000,0x0000000014950000)]

Stack: [0x0000000014850000,0x0000000014950000]
[error occurred during error reporting (printing stack bounds), id 0xc0000005]

Native frames: (J=compiled Java code, j=interpreted, Vv=VM code, C=native code)


Current CompileTask:
C2:   4219  955       4       org.objectweb.asm.MethodVisitor::visitFieldInsn (20 bytes)


---------------  P R O C E S S  ---------------

Java Threads: ( => current thread )
  0x00000000142c5000 JavaThread "Service Thread" daemon [_thread_blocked, id=13536, stack(0x0000000014b50000,0x0000000014c50000)]
  0x00000000142a7000 JavaThread "C1 CompilerThread2" daemon [_thread_blocked, id=2544, stack(0x0000000014a50000,0x0000000014b50000)]
  0x000000001425a000 JavaThread "C2 CompilerThread1" daemon [_thread_in_native, id=9436, stack(0x0000000014950000,0x0000000014a50000)]
=>0x0000000012ecd800 JavaThread "C2 CompilerThread0" daemon [_thread_in_native, id=7196, stack(0x0000000014850000,0x0000000014950000)]
  0x0000000012e87800 JavaThread "Attach Listener" daemon [_thread_blocked, id=20688, stack(0x0000000014750000,0x0000000014850000)]
  0x0000000014258800 JavaThread "Signal Dispatcher" daemon [_thread_blocked, id=14580, stack(0x0000000014650000,0x0000000014750000)]
  0x0000000002aea800 JavaThread "Finalizer" daemon [_thread_blocked, id=18820, stack(0x00000000140f0000,0x00000000141f0000)]
  0x0000000002ae5800 JavaThread "Reference Handler" daemon [_thread_blocked, id=15920, stack(0x0000000013ff0000,0x00000000140f0000)]
  0x00000000029f5800 JavaThread "main" [_thread_in_vm, id=13324, stack(0x00000000028f0000,0x00000000029f0000)]

Other Threads:
  0x0000000012e35800 VMThread [stack: 0x0000000013ef0000,0x0000000013ff0000] [id=824]
  0x00000000142c6000 WatcherThread [stack: 0x0000000014c50000,0x0000000014d50000] [id=17864]

VM state:not at safepoint (normal execution)

VM Mutex/Monitor currently owned by a thread: None

Heap:
 PSYoungGen      total 18944K, used 7511K [0x00000000feb00000, 0x0000000100000000, 0x0000000100000000)
  eden space 16384K, 30% used [0x00000000feb00000,0x00000000fefdd0f8,0x00000000ffb00000)
  from space 2560K, 98% used [0x00000000ffd80000,0x00000000ffff8b20,0x0000000100000000)
  to   space 2560K, 0% used [0x00000000ffb00000,0x00000000ffb00000,0x00000000ffd80000)
 ParOldGen       total 44032K, used 5638K [0x00000000fc000000, 0x00000000feb00000, 0x00000000feb00000)
  object space 44032K, 12% used [0x00000000fc000000,0x00000000fc581b80,0x00000000feb00000)
 Metaspace       used 7626K, capacity 7852K, committed 7936K, reserved 1056768K
  class space    used 873K, capacity 956K, committed 1024K, reserved 1048576K

Card table byte_map: [0x0000000002870000,0x00000000028a0000] byte_map_base: 0x0000000002090000

Marking Bits: (ParMarkBitMap*) 0x0000000069423950
 Begin Bits: [0x00000000122b0000, 0x00000000123b0000)
 End Bits:   [0x00000000123b0000, 0x00000000124b0000)

Polling page: 0x0000000002840000

CodeCache: size=245760Kb used=3668Kb max_used=3680Kb free=242091Kb
 bounds [0x0000000002af0000, 0x0000000002e90000, 0x0000000011af0000]
 total_blobs=1287 nmethods=953 adapters=248
 compilation: enabled

Compilation events (10 events):
Event: 4.136 Thread 0x00000000142a7000 nmethod 950 0x0000000002e7a510 code [0x0000000002e7a6a0, 0x0000000002e7aa68]
Event: 4.137 Thread 0x00000000142a7000  951       3       org.objectweb.asm.MethodVisitor::visitMethodInsn (68 bytes)
Event: 4.137 Thread 0x00000000142a7000 nmethod 951 0x0000000002e79d50 code [0x0000000002e79ee0, 0x0000000002e7a388]
Event: 4.138 Thread 0x00000000142a7000  952       3       org.objectweb.asm.AnnotationWriter::visitEnd (43 bytes)
Event: 4.138 Thread 0x00000000142a7000 nmethod 952 0x0000000002e88b10 code [0x0000000002e88c80, 0x0000000002e88e70]
Event: 4.139 Thread 0x00000000142a7000  953       3       org.objectweb.asm.ClassVisitor::<init> (7 bytes)
Event: 4.139 Thread 0x00000000142a7000 nmethod 953 0x0000000002e88490 code [0x0000000002e88620, 0x0000000002e88988]
Event: 4.140 Thread 0x0000000012ecd800  954       4       org.objectweb.asm.tree.MethodNode::getLabelNodes (51 bytes)
Event: 4.144 Thread 0x0000000012ecd800 nmethod 954 0x0000000002e87f90 code [0x0000000002e880e0, 0x0000000002e88358]
Event: 4.145 Thread 0x0000000012ecd800  955       4       org.objectweb.asm.MethodVisitor::visitFieldInsn (20 bytes)

GC Heap History (4 events):
Event: 2.500 GC heap before
{Heap before GC invocations=1 (full 0):
 PSYoungGen      total 18944K, used 16384K [0x00000000feb00000, 0x0000000100000000, 0x0000000100000000)
  eden space 16384K, 100% used [0x00000000feb00000,0x00000000ffb00000,0x00000000ffb00000)
  from space 2560K, 0% used [0x00000000ffd80000,0x00000000ffd80000,0x0000000100000000)
  to   space 2560K, 0% used [0x00000000ffb00000,0x00000000ffb00000,0x00000000ffd80000)
 ParOldGen       total 44032K, used 0K [0x00000000fc000000, 0x00000000feb00000, 0x00000000feb00000)
  object space 44032K, 0% used [0x00000000fc000000,0x00000000fc000000,0x00000000feb00000)
 Metaspace       used 6568K, capacity 6682K, committed 6784K, reserved 1056768K
  class space    used 772K, capacity 823K, committed 896K, reserved 1048576K
Event: 2.572 GC heap after
Heap after GC invocations=1 (full 0):
 PSYoungGen      total 18944K, used 2536K [0x00000000feb00000, 0x0000000100000000, 0x0000000100000000)
  eden space 16384K, 0% used [0x00000000feb00000,0x00000000feb00000,0x00000000ffb00000)
  from space 2560K, 99% used [0x00000000ffb00000,0x00000000ffd7a350,0x00000000ffd80000)
  to   space 2560K, 0% used [0x00000000ffd80000,0x00000000ffd80000,0x0000000100000000)
 ParOldGen       total 44032K, used 1682K [0x00000000fc000000, 0x00000000feb00000, 0x00000000feb00000)
  object space 44032K, 3% used [0x00000000fc000000,0x00000000fc1a4840,0x00000000feb00000)
 Metaspace       used 6568K, capacity 6682K, committed 6784K, reserved 1056768K
  class space    used 772K, capacity 823K, committed 896K, reserved 1048576K
}
Event: 3.411 GC heap before
{Heap before GC invocations=2 (full 0):
 PSYoungGen      total 18944K, used 18920K [0x00000000feb00000, 0x0000000100000000, 0x0000000100000000)
  eden space 16384K, 100% used [0x00000000feb00000,0x00000000ffb00000,0x00000000ffb00000)
  from space 2560K, 99% used [0x00000000ffb00000,0x00000000ffd7a350,0x00000000ffd80000)
  to   space 2560K, 0% used [0x00000000ffd80000,0x00000000ffd80000,0x0000000100000000)
 ParOldGen       total 44032K, used 1682K [0x00000000fc000000, 0x00000000feb00000, 0x00000000feb00000)
  object space 44032K, 3% used [0x00000000fc000000,0x00000000fc1a4840,0x00000000feb00000)
 Metaspace       used 7574K, capacity 7788K, committed 7936K, reserved 1056768K
  class space    used 872K, capacity 956K, committed 1024K, reserved 1048576K
Event: 3.529 GC heap after
Heap after GC invocations=2 (full 0):
 PSYoungGen      total 18944K, used 2530K [0x00000000feb00000, 0x0000000100000000, 0x0000000100000000)
  eden space 16384K, 0% used [0x00000000feb00000,0x00000000feb00000,0x00000000ffb00000)
  from space 2560K, 98% used [0x00000000ffd80000,0x00000000ffff8b20,0x0000000100000000)
  to   space 2560K, 0% used [0x00000000ffb00000,0x00000000ffb00000,0x00000000ffd80000)
 ParOldGen       total 44032K, used 5638K [0x00000000fc000000, 0x00000000feb00000, 0x00000000feb00000)
  object space 44032K, 12% used [0x00000000fc000000,0x00000000fc581b80,0x00000000feb00000)
 Metaspace       used 7574K, capacity 7788K, committed 7936K, reserved 1056768K
  class space    used 872K, capacity 956K, committed 1024K, reserved 1048576K
}

Deoptimization events (10 events):
Event: 2.474 Thread 0x00000000029f5800 Uncommon trap: reason=unstable_if action=reinterpret pc=0x0000000002d11e6c method=java.util.zip.ZipCoder.decoder()Ljava/nio/charset/CharsetDecoder; @ 4
Event: 2.596 Thread 0x00000000029f5800 Uncommon trap: reason=unstable_if action=reinterpret pc=0x0000000002d1436c method=java.util.zip.ZipCoder.decoder()Ljava/nio/charset/CharsetDecoder; @ 4
Event: 2.597 Thread 0x00000000029f5800 Uncommon trap: reason=unstable_if action=reinterpret pc=0x0000000002d05758 method=java.util.zip.ZipCoder.decoder()Ljava/nio/charset/CharsetDecoder; @ 4
Event: 2.597 Thread 0x00000000029f5800 Uncommon trap: reason=unstable_if action=reinterpret pc=0x0000000002d01dc0 method=java.util.zip.ZipCoder.decoder()Ljava/nio/charset/CharsetDecoder; @ 4
Event: 2.604 Thread 0x00000000029f5800 Uncommon trap: reason=unstable_if action=reinterpret pc=0x0000000002d247c8 method=java.util.HashMap$HashIterator.nextNode()Ljava/util/HashMap$Node; @ 74
Event: 2.635 Thread 0x00000000029f5800 Uncommon trap: reason=unloaded action=reinterpret pc=0x0000000002d18c7c method=java.util.zip.ZipEntry.setExtra0([BZ)V @ 37
Event: 2.696 Thread 0x00000000029f5800 Uncommon trap: reason=unstable_if action=reinterpret pc=0x0000000002d24cc8 method=java.util.HashMap$HashIterator.nextNode()Ljava/util/HashMap$Node; @ 74
Event: 2.947 Thread 0x00000000029f5800 Uncommon trap: reason=unstable_if action=reinterpret pc=0x0000000002cb7e38 method=java.lang.String.<init>([CII)V @ 18
Event: 4.099 Thread 0x00000000029f5800 Uncommon trap: reason=unstable_if action=reinterpret pc=0x0000000002e81dd8 method=org.objectweb.asm.Type.getArgumentsAndReturnSizes(Ljava/lang/String;)I @ 130
Event: 4.099 Thread 0x00000000029f5800 Uncommon trap: reason=unstable_if action=reinterpret pc=0x0000000002e66ddc method=org.objectweb.asm.Type.getArgumentsAndReturnSizes(Ljava/lang/String;)I @ 130

Classes redefined (0 events):
No events

Internal exceptions (10 events):
Event: 2.597 Thread 0x00000000029f5800 Implicit null exception at 0x0000000002d0197d to 0x0000000002d01db1
Event: 2.643 Thread 0x00000000029f5800 Exception <a 'sun/nio/fs/WindowsException'> (0x00000000ff1dd998) thrown at [D:\src\AOSP-openjdk-cygwin\jdk8u\hotspot\src\share\vm\prims\jni.cpp, line 709]
Event: 2.643 Thread 0x00000000029f5800 Exception <a 'sun/nio/fs/WindowsException'> (0x00000000ff1ddf68) thrown at [D:\src\AOSP-openjdk-cygwin\jdk8u\hotspot\src\share\vm\prims\jni.cpp, line 709]
Event: 2.643 Thread 0x00000000029f5800 Exception <a 'sun/nio/fs/WindowsException'> (0x00000000ff1de560) thrown at [D:\src\AOSP-openjdk-cygwin\jdk8u\hotspot\src\share\vm\prims\jni.cpp, line 709]
Event: 2.644 Thread 0x00000000029f5800 Exception <a 'sun/nio/fs/WindowsException'> (0x00000000ff1ded30) thrown at [D:\src\AOSP-openjdk-cygwin\jdk8u\hotspot\src\share\vm\prims\jni.cpp, line 709]
Event: 2.644 Thread 0x00000000029f5800 Exception <a 'sun/nio/fs/WindowsException'> (0x00000000ff1df300) thrown at [D:\src\AOSP-openjdk-cygwin\jdk8u\hotspot\src\share\vm\prims\jni.cpp, line 709]
Event: 2.644 Thread 0x00000000029f5800 Exception <a 'sun/nio/fs/WindowsException'> (0x00000000ff1dfac0) thrown at [D:\src\AOSP-openjdk-cygwin\jdk8u\hotspot\src\share\vm\prims\jni.cpp, line 709]
Event: 2.735 Thread 0x00000000029f5800 Exception <a 'sun/nio/fs/WindowsException'> (0x00000000ff1e4f48) thrown at [D:\src\AOSP-openjdk-cygwin\jdk8u\hotspot\src\share\vm\prims\jni.cpp, line 709]
Event: 2.891 Thread 0x00000000029f5800 Exception <a 'sun/nio/fs/WindowsException'> (0x00000000ff680fe0) thrown at [D:\src\AOSP-openjdk-cygwin\jdk8u\hotspot\src\share\vm\prims\jni.cpp, line 709]
Event: 2.891 Thread 0x00000000029f5800 Exception <a 'sun/nio/fs/WindowsException'> (0x00000000ff681580) thrown at [D:\src\AOSP-openjdk-cygwin\jdk8u\hotspot\src\share\vm\prims\jni.cpp, line 709]

Events (10 events):
Event: 3.590 loading class org/objectweb/asm/tree/TryCatchBlockNode
Event: 3.590 loading class org/objectweb/asm/tree/TryCatchBlockNode done
Event: 3.590 loading class org/objectweb/asm/Handler
Event: 3.590 loading class org/objectweb/asm/Handler done
Event: 4.098 Thread 0x00000000029f5800 Uncommon trap: trap_request=0xffffff65 fr.pc=0x0000000002e81dd8
Event: 4.099 Thread 0x00000000029f5800 DEOPT PACKING pc=0x0000000002e81dd8 sp=0x00000000029ee8e0
Event: 4.099 Thread 0x00000000029f5800 DEOPT UNPACKING pc=0x0000000002b3556a sp=0x00000000029ee7b8 mode 2
Event: 4.099 Thread 0x00000000029f5800 Uncommon trap: trap_request=0xffffff65 fr.pc=0x0000000002e66ddc
Event: 4.099 Thread 0x00000000029f5800 DEOPT PACKING pc=0x0000000002e66ddc sp=0x00000000029ee810
Event: 4.099 Thread 0x00000000029f5800 DEOPT UNPACKING pc=0x0000000002b3556a sp=0x00000000029ee7a0 mode 2


Dynamic libraries:
0x00007ff7c08f0000 - 0x00007ff7c0921000 	D:\Program Files\Android\android-studio\jre\bin\java.exe
0x00007fff62140000 - 0x00007fff62321000 	C:\WINDOWS\SYSTEM32\ntdll.dll
0x00007fff60550000 - 0x00007fff60602000 	C:\WINDOWS\System32\KERNEL32.DLL
0x00007fff5e7c0000 - 0x00007fff5ea33000 	C:\WINDOWS\System32\KERNELBASE.dll
0x00007fff5f6a0000 - 0x00007fff5f741000 	C:\WINDOWS\System32\ADVAPI32.dll
0x00007fff5f600000 - 0x00007fff5f69e000 	C:\WINDOWS\System32\msvcrt.dll
0x00007fff60440000 - 0x00007fff6049b000 	C:\WINDOWS\System32\sechost.dll
0x00007fff5f750000 - 0x00007fff5f874000 	C:\WINDOWS\System32\RPCRT4.dll
0x00007fff60130000 - 0x00007fff602c0000 	C:\WINDOWS\System32\USER32.dll
0x00007fff5e7a0000 - 0x00007fff5e7c0000 	C:\WINDOWS\System32\win32u.dll
0x00007fff5f5d0000 - 0x00007fff5f5f8000 	C:\WINDOWS\System32\GDI32.dll
0x00007fff5f340000 - 0x00007fff5f4d2000 	C:\WINDOWS\System32\gdi32full.dll
0x00007fff5f4e0000 - 0x00007fff5f57f000 	C:\WINDOWS\System32\msvcp_win.dll
0x00007fff5e620000 - 0x00007fff5e71a000 	C:\WINDOWS\System32\ucrtbase.dll
0x00007fff49ca0000 - 0x00007fff49f09000 	C:\WINDOWS\WinSxS\amd64_microsoft.windows.common-controls_6595b64144ccf1df_6.0.17134.228_none_fb4599993062b194\COMCTL32.dll
0x00007fff61bb0000 - 0x00007fff61ed3000 	C:\WINDOWS\System32\combase.dll
0x00007fff5e720000 - 0x00007fff5e79a000 	C:\WINDOWS\System32\bcryptPrimitives.dll
0x00007fff60670000 - 0x00007fff6069d000 	C:\WINDOWS\System32\IMM32.DLL
0x0000000068b80000 - 0x0000000068c52000 	D:\Program Files\Android\android-studio\jre\jre\bin\msvcr100.dll
0x0000000068c60000 - 0x000000006949e000 	D:\Program Files\Android\android-studio\jre\jre\bin\server\jvm.dll
0x00007fff5fe40000 - 0x00007fff5fe48000 	C:\WINDOWS\System32\PSAPI.DLL
0x00007fff5ae70000 - 0x00007fff5ae79000 	C:\WINDOWS\SYSTEM32\WSOCK32.dll
0x00007fff620a0000 - 0x00007fff6210c000 	C:\WINDOWS\System32\WS2_32.dll
0x00007fff5c5a0000 - 0x00007fff5c5c3000 	C:\WINDOWS\SYSTEM32\WINMM.dll
0x00007fff55670000 - 0x00007fff5567a000 	C:\WINDOWS\SYSTEM32\VERSION.dll
0x00007fff5c150000 - 0x00007fff5c17a000 	C:\WINDOWS\SYSTEM32\WINMMBASE.dll
0x00007fff5f580000 - 0x00007fff5f5c9000 	C:\WINDOWS\System32\cfgmgr32.dll
0x00007fff539d0000 - 0x00007fff539df000 	D:\Program Files\Android\android-studio\jre\jre\bin\verify.dll
0x00007fff46da0000 - 0x00007fff46dc9000 	D:\Program Files\Android\android-studio\jre\jre\bin\java.dll
0x00007fff49650000 - 0x00007fff49666000 	D:\Program Files\Android\android-studio\jre\jre\bin\zip.dll
0x00007fff60710000 - 0x00007fff61b50000 	C:\WINDOWS\System32\SHELL32.dll
0x00007fff604a0000 - 0x00007fff60549000 	C:\WINDOWS\System32\shcore.dll
0x00007fff5ec30000 - 0x00007fff5f33d000 	C:\WINDOWS\System32\windows.storage.dll
0x00007fff61b50000 - 0x00007fff61ba1000 	C:\WINDOWS\System32\shlwapi.dll
0x00007fff5e4d0000 - 0x00007fff5e4e1000 	C:\WINDOWS\System32\kernel.appcore.dll
0x00007fff5e4f0000 - 0x00007fff5e50f000 	C:\WINDOWS\System32\profapi.dll
0x00007fff5e480000 - 0x00007fff5e4cc000 	C:\WINDOWS\System32\powrprof.dll
0x00007fff5e470000 - 0x00007fff5e47a000 	C:\WINDOWS\System32\FLTLIB.DLL
0x00007fff5de90000 - 0x00007fff5dea7000 	C:\WINDOWS\SYSTEM32\CRYPTSP.dll
0x00007fff5d850000 - 0x00007fff5d883000 	C:\WINDOWS\system32\rsaenh.dll
0x00007fff5dfb0000 - 0x00007fff5dfd5000 	C:\WINDOWS\SYSTEM32\bcrypt.dll
0x00007fff5e380000 - 0x00007fff5e3a8000 	C:\WINDOWS\SYSTEM32\USERENV.dll
0x00007fff5de80000 - 0x00007fff5de8b000 	C:\WINDOWS\SYSTEM32\CRYPTBASE.dll
0x00007fff486a0000 - 0x00007fff486ba000 	D:\Program Files\Android\android-studio\jre\jre\bin\net.dll
0x00007fff5dcd0000 - 0x00007fff5dd36000 	C:\WINDOWS\system32\mswsock.dll
0x00007fff5d9f0000 - 0x00007fff5da28000 	C:\WINDOWS\SYSTEM32\IPHLPAPI.DLL
0x00007fff5fe50000 - 0x00007fff5fe58000 	C:\WINDOWS\System32\NSI.dll
0x00007fff546c0000 - 0x00007fff546d6000 	C:\WINDOWS\SYSTEM32\dhcpcsvc6.DLL
0x00007fff556a0000 - 0x00007fff556ba000 	C:\WINDOWS\SYSTEM32\dhcpcsvc.DLL
0x00007fff47ba0000 - 0x00007fff47bb1000 	D:\Program Files\Android\android-studio\jre\jre\bin\nio.dll

VM Arguments:
jvm_args: -Djava.awt.headless=true -Xmx64M -Dfile.encoding=GBK -Duser.country=CN -Duser.language=zh -Duser.variant 
java_command: com.google.devtools.build.android.desugar.Desugar --input D:\Android_file\AndroidStudioPro\IOTClient\app\build\intermediates\transforms\stackFramesFixer\debug\7.jar --output D:\Android_file\AndroidStudioPro\IOTClient\app\build\intermediates\transforms\desugar\debug\10.jar --input D:\Android_file\AndroidStudioPro\IOTClient\app\build\intermediates\transforms\stackFramesFixer\debug\11.jar --output D:\Android_file\AndroidStudioPro\IOTClient\app\build\intermediates\transforms\desugar\debug\14.jar --input D:\Android_file\AndroidStudioPro\IOTClient\app\build\intermediates\transforms\stackFramesFixer\debug\22.jar --output D:\Android_file\AndroidStudioPro\IOTClient\app\build\intermediates\transforms\desugar\debug\25.jar --input D:\Android_file\AndroidStudioPro\IOTClient\app\build\intermediates\transforms\stackFramesFixer\debug\36.jar --output D:\Android_file\AndroidStudioPro\IOTClient\app\build\intermediates\transforms\desugar\debug\39.jar --input D:\Android_file\AndroidStudioPro\IOTClient\app\build\intermediates\transforms\stackFramesFixer\debug\30.jar --output D:\Android_file\AndroidStudioPro\IOTClient\app\build\intermediates\transforms\desugar\debug\33.jar --input D:\Android_file\AndroidStudioPro\IOTClient\app\build\intermediates\transforms\stackFramesFixer\debug\37.jar --output D:\Android_file\AndroidStudioPro\IOTClient\app\build\intermediates\transforms\desugar\debug\40.jar --input D:\Android_file\AndroidStudioPro\IOTClient\app\build\intermediates\transforms\stackFramesFixer\debug\5.jar --output D:\Android_file\AndroidStudioPro\IOTClient\app\build\intermediates\transforms\desugar\debug\8.jar --input D:\Android_file\AndroidStudioPro\IOTClient\app\build\intermediates\transforms\stackFramesFixer\debug\6.jar --output D:\Android_file\AndroidStudioPro\IOTClient\app\build\intermediates\transforms\desugar\debug\9.jar --input D:\Android_file\AndroidStudioPro\IOTClient\app\build\intermediates\transforms\stackFramesFixer\debug\15.jar --output D:\Android_file\Androi
java_class_path (initial): C:\Users\langstone\AppData\Local\Temp\desugar_deploy.jar1214913606588463306
Launcher Type: SUN_STANDARD

Environment Variables:
JAVA_HOME=D:\Android\JDK8_64
CLASSPATH=.;D:\Android\JDK8_64\lib\dt.jar;D:\Android\JDK8_64\lib\tools.jar 
PATH=C:\WINDOWS\system32;C:\WINDOWS;C:\WINDOWS\System32\Wbem;C:\WINDOWS\System32\WindowsPowerShell\v1.0\;D:\Android\JDK8_64\bin;D:\Android\JDK8_64\jre\bin;D:\Android\apache-tomcat-8.5.32\lib;D:\Android\apache-tomcat-8.5.32\bin ;D:\Android\apache-maven-3.5.4\bin;D:\Android\Sdk\platform-tools;D:\Android\Sdk\tools;C:\WINDOWS\System32\OpenSSH\;C:\Users\langstone\AppData\Local\Microsoft\WindowsApps;
USERNAME=langstone
OS=Windows_NT
PROCESSOR_IDENTIFIER=Intel64 Family 6 Model 61 Stepping 4, GenuineIntel



---------------  S Y S T E M  ---------------

OS: Windows 10.0 , 64 bit Build 17134 (10.0.17134.1)

CPU:total 4 (initial active 4) (2 cores per cpu, 2 threads per core) family 6 model 61 stepping 4, cmov, cx8, fxsr, mmx, sse, sse2, sse3, ssse3, sse4.1, sse4.2, popcnt, avx, avx2, aes, clmul, erms, 3dnowpref, lzcnt, ht, tsc, tscinvbit, bmi1, bmi2, adx

Memory: 4k page, physical 8306864k(916284k free), swap 21302156k(32k free)

vm_info: OpenJDK 64-Bit Server VM (25.152-b01) for windows-amd64 JRE (1.8.0_152-release-915-b01), built by "builder" with MS VC++ 10.0 (VS2010)

time: Fri Sep 14 00:43:04 2018
elapsed time: 4 seconds (0d 0h 0m 4s)

